[2019-10-12 07:26:07] local.ERROR: Swoole\ExitException: swoole exit in /www/lumen-im/vendor/symfony/var-dumper/Resources/functions/dump.php:41
Stack trace:
#0 /www/lumen-im/app/Http/Controllers/Api/ChatController.php(20): dd(Object(Illuminate\Redis\RedisManager))
#1 [internal function]: App\Http\Controllers\Api\ChatController->userRecords()
#2 /www/lumen-im/vendor/illuminate/container/BoundMethod.php(29): call_user_func_array(Array, Array)
#3 /www/lumen-im/vendor/illuminate/container/BoundMethod.php(87): Illuminate\Container\BoundMethod::Illuminate\Container\{closure}()
#4 /www/lumen-im/vendor/illuminate/container/BoundMethod.php(31): Illuminate\Container\BoundMethod::callBoundMethod(Object(Laravel\Lumen\Application), Array, Object(Closure))
#5 /www/lumen-im/vendor/illuminate/container/Container.php(572): Illuminate\Container\BoundMethod::call(Object(Laravel\Lumen\Application), Array, Array, NULL)
#6 /www/lumen-im/vendor/laravel/lumen-framework/src/Concerns/RoutesRequests.php(378): Illuminate\Container\Container->call(Array, Array)
#7 /www/lumen-im/vendor/laravel/lumen-framework/src/Concerns/RoutesRequests.php(344): Laravel\Lumen\Application->callControllerCallable(Array, Array)
#8 /www/lumen-im/vendor/laravel/lumen-framework/src/Concerns/RoutesRequests.php(318): Laravel\Lumen\Application->callLumenController(Object(App\Http\Controllers\Api\ChatController), 'userRecords', Array)
#9 /www/lumen-im/vendor/laravel/lumen-framework/src/Concerns/RoutesRequests.php(280): Laravel\Lumen\Application->callControllerAction(Array)
#10 /www/lumen-im/vendor/laravel/lumen-framework/src/Concerns/RoutesRequests.php(260): Laravel\Lumen\Application->callActionOnArrayBasedRoute(Array)
#11 /www/lumen-im/vendor/laravel/lumen-framework/src/Concerns/RoutesRequests.php(418): Laravel\Lumen\Application->Laravel\Lumen\Concerns\{closure}(Object(Illuminate\Http\Request))
#12 /www/lumen-im/vendor/laravel/lumen-framework/src/Concerns/RoutesRequests.php(261): Laravel\Lumen\Application->sendThroughPipeline(Array, Object(Closure))
#13 /www/lumen-im/vendor/laravel/lumen-framework/src/Concerns/RoutesRequests.php(165): Laravel\Lumen\Application->handleFoundRoute(Array)
#14 [internal function]: Laravel\Lumen\Application->Laravel\Lumen\Concerns\{closure}(Object(Illuminate\Http\Request))
#15 /www/lumen-im/vendor/laravel/lumen-framework/src/Routing/Pipeline.php(52): call_user_func(Object(Closure), Object(Illuminate\Http\Request))
#16 /www/lumen-im/vendor/barryvdh/laravel-cors/src/HandlePreflight.php(29): Laravel\Lumen\Routing\Pipeline->Laravel\Lumen\Routing\{closure}(Object(Illuminate\Http\Request))
#17 /www/lumen-im/vendor/illuminate/pipeline/Pipeline.php(163): Barryvdh\Cors\HandlePreflight->handle(Object(Illuminate\Http\Request), Object(Closure))
#18 [internal function]: Illuminate\Pipeline\Pipeline->Illuminate\Pipeline\{closure}(Object(Illuminate\Http\Request))
#19 /www/lumen-im/vendor/laravel/lumen-framework/src/Routing/Pipeline.php(32): call_user_func(Object(Closure), Object(Illuminate\Http\Request))
#20 /www/lumen-im/vendor/barryvdh/laravel-cors/src/HandleCors.php(36): Laravel\Lumen\Routing\Pipeline->Laravel\Lumen\Routing\{closure}(Object(Illuminate\Http\Request))
#21 /www/lumen-im/vendor/illuminate/pipeline/Pipeline.php(163): Barryvdh\Cors\HandleCors->handle(Object(Illuminate\Http\Request), Object(Closure))
#22 [internal function]: Illuminate\Pipeline\Pipeline->Illuminate\Pipeline\{closure}(Object(Illuminate\Http\Request))
#23 /www/lumen-im/vendor/laravel/lumen-framework/src/Routing/Pipeline.php(32): call_user_func(Object(Closure), Object(Illuminate\Http\Request))
#24 /www/lumen-im/vendor/illuminate/pipeline/Pipeline.php(104): Laravel\Lumen\Routing\Pipeline->Laravel\Lumen\Routing\{closure}(Object(Illuminate\Http\Request))
#25 /www/lumen-im/vendor/laravel/lumen-framework/src/Concerns/RoutesRequests.php(415): Illuminate\Pipeline\Pipeline->then(Object(Closure))
#26 /www/lumen-im/vendor/laravel/lumen-framework/src/Concerns/RoutesRequests.php(171): Laravel\Lumen\Application->sendThroughPipeline(Array, Object(Closure))
#27 /www/lumen-im/vendor/swooletw/laravel-swoole/src/Server/Sandbox.php(260): Laravel\Lumen\Application->dispatch(Object(Illuminate\Http\Request))
#28 /www/lumen-im/vendor/swooletw/laravel-swoole/src/Server/Sandbox.php(217): SwooleTW\Http\Server\Sandbox->handleRequest(Object(Illuminate\Http\Request))
#29 /www/lumen-im/vendor/swooletw/laravel-swoole/src/Server/Sandbox.php(179): SwooleTW\Http\Server\Sandbox->prepareObResponse(Object(Illuminate\Http\Request))
#30 /www/lumen-im/vendor/swooletw/laravel-swoole/src/Server/Manager.php(225): SwooleTW\Http\Server\Sandbox->run(Object(Illuminate\Http\Request))
#31 {main} {"exception":"[object] (Swoole\\ExitException(code: 0): swoole exit at /www/lumen-im/vendor/symfony/var-dumper/Resources/functions/dump.php:41)
[stacktrace]
#0 /www/lumen-im/app/Http/Controllers/Api/ChatController.php(20): dd(Object(Illuminate\\Redis\\RedisManager))
#1 [internal function]: App\\Http\\Controllers\\Api\\ChatController->userRecords()
#2 /www/lumen-im/vendor/illuminate/container/BoundMethod.php(29): call_user_func_array(Array, Array)
#3 /www/lumen-im/vendor/illuminate/container/BoundMethod.php(87): Illuminate\\Container\\BoundMethod::Illuminate\\Container\\{closure}()
#4 /www/lumen-im/vendor/illuminate/container/BoundMethod.php(31): Illuminate\\Container\\BoundMethod::callBoundMethod(Object(Laravel\\Lumen\\Application), Array, Object(Closure))
#5 /www/lumen-im/vendor/illuminate/container/Container.php(572): Illuminate\\Container\\BoundMethod::call(Object(Laravel\\Lumen\\Application), Array, Array, NULL)
#6 /www/lumen-im/vendor/laravel/lumen-framework/src/Concerns/RoutesRequests.php(378): Illuminate\\Container\\Container->call(Array, Array)
#7 /www/lumen-im/vendor/laravel/lumen-framework/src/Concerns/RoutesRequests.php(344): Laravel\\Lumen\\Application->callControllerCallable(Array, Array)
#8 /www/lumen-im/vendor/laravel/lumen-framework/src/Concerns/RoutesRequests.php(318): Laravel\\Lumen\\Application->callLumenController(Object(App\\Http\\Controllers\\Api\\ChatController), 'userRecords', Array)
#9 /www/lumen-im/vendor/laravel/lumen-framework/src/Concerns/RoutesRequests.php(280): Laravel\\Lumen\\Application->callControllerAction(Array)
#10 /www/lumen-im/vendor/laravel/lumen-framework/src/Concerns/RoutesRequests.php(260): Laravel\\Lumen\\Application->callActionOnArrayBasedRoute(Array)
#11 /www/lumen-im/vendor/laravel/lumen-framework/src/Concerns/RoutesRequests.php(418): Laravel\\Lumen\\Application->Laravel\\Lumen\\Concerns\\{closure}(Object(Illuminate\\Http\\Request))
#12 /www/lumen-im/vendor/laravel/lumen-framework/src/Concerns/RoutesRequests.php(261): Laravel\\Lumen\\Application->sendThroughPipeline(Array, Object(Closure))
#13 /www/lumen-im/vendor/laravel/lumen-framework/src/Concerns/RoutesRequests.php(165): Laravel\\Lumen\\Application->handleFoundRoute(Array)
#14 [internal function]: Laravel\\Lumen\\Application->Laravel\\Lumen\\Concerns\\{closure}(Object(Illuminate\\Http\\Request))
#15 /www/lumen-im/vendor/laravel/lumen-framework/src/Routing/Pipeline.php(52): call_user_func(Object(Closure), Object(Illuminate\\Http\\Request))
#16 /www/lumen-im/vendor/barryvdh/laravel-cors/src/HandlePreflight.php(29): Laravel\\Lumen\\Routing\\Pipeline->Laravel\\Lumen\\Routing\\{closure}(Object(Illuminate\\Http\\Request))
#17 /www/lumen-im/vendor/illuminate/pipeline/Pipeline.php(163): Barryvdh\\Cors\\HandlePreflight->handle(Object(Illuminate\\Http\\Request), Object(Closure))
#18 [internal function]: Illuminate\\Pipeline\\Pipeline->Illuminate\\Pipeline\\{closure}(Object(Illuminate\\Http\\Request))
#19 /www/lumen-im/vendor/laravel/lumen-framework/src/Routing/Pipeline.php(32): call_user_func(Object(Closure), Object(Illuminate\\Http\\Request))
#20 /www/lumen-im/vendor/barryvdh/laravel-cors/src/HandleCors.php(36): Laravel\\Lumen\\Routing\\Pipeline->Laravel\\Lumen\\Routing\\{closure}(Object(Illuminate\\Http\\Request))
#21 /www/lumen-im/vendor/illuminate/pipeline/Pipeline.php(163): Barryvdh\\Cors\\HandleCors->handle(Object(Illuminate\\Http\\Request), Object(Closure))
#22 [internal function]: Illuminate\\Pipeline\\Pipeline->Illuminate\\Pipeline\\{closure}(Object(Illuminate\\Http\\Request))
#23 /www/lumen-im/vendor/laravel/lumen-framework/src/Routing/Pipeline.php(32): call_user_func(Object(Closure), Object(Illuminate\\Http\\Request))
#24 /www/lumen-im/vendor/illuminate/pipeline/Pipeline.php(104): Laravel\\Lumen\\Routing\\Pipeline->Laravel\\Lumen\\Routing\\{closure}(Object(Illuminate\\Http\\Request))
#25 /www/lumen-im/vendor/laravel/lumen-framework/src/Concerns/RoutesRequests.php(415): Illuminate\\Pipeline\\Pipeline->then(Object(Closure))
#26 /www/lumen-im/vendor/laravel/lumen-framework/src/Concerns/RoutesRequests.php(171): Laravel\\Lumen\\Application->sendThroughPipeline(Array, Object(Closure))
#27 /www/lumen-im/vendor/swooletw/laravel-swoole/src/Server/Sandbox.php(260): Laravel\\Lumen\\Application->dispatch(Object(Illuminate\\Http\\Request))
#28 /www/lumen-im/vendor/swooletw/laravel-swoole/src/Server/Sandbox.php(217): SwooleTW\\Http\\Server\\Sandbox->handleRequest(Object(Illuminate\\Http\\Request))
#29 /www/lumen-im/vendor/swooletw/laravel-swoole/src/Server/Sandbox.php(179): SwooleTW\\Http\\Server\\Sandbox->prepareObResponse(Object(Illuminate\\Http\\Request))
#30 /www/lumen-im/vendor/swooletw/laravel-swoole/src/Server/Manager.php(225): SwooleTW\\Http\\Server\\Sandbox->run(Object(Illuminate\\Http\\Request))
#31 {main}
"} 
[2019-10-12 07:28:17] local.ERROR: Predis\Connection\ConnectionException: Connection refused [tcp://127.0.0.1:6379] in /www/lumen-im/vendor/predis/predis/src/Connection/AbstractConnection.php:155
Stack trace:
#0 /www/lumen-im/vendor/predis/predis/src/Connection/StreamConnection.php(128): Predis\Connection\AbstractConnection->onConnectionError('Connection refu...', 61)
#1 /www/lumen-im/vendor/predis/predis/src/Connection/StreamConnection.php(178): Predis\Connection\StreamConnection->createStreamSocket(Object(Predis\Connection\Parameters), 'tcp://127.0.0.1...', 4)
#2 /www/lumen-im/vendor/predis/predis/src/Connection/StreamConnection.php(100): Predis\Connection\StreamConnection->tcpStreamInitializer(Object(Predis\Connection\Parameters))
#3 /www/lumen-im/vendor/predis/predis/src/Connection/AbstractConnection.php(81): Predis\Connection\StreamConnection->createResource()
#4 /www/lumen-im/vendor/predis/predis/src/Connection/StreamConnection.php(258): Predis\Connection\AbstractConnection->connect()
#5 /www/lumen-im/vendor/predis/predis/src/Connection/AbstractConnection.php(180): Predis\Connection\StreamConnection->connect()
#6 /www/lumen-im/vendor/predis/predis/src/Connection/StreamConnection.php(288): Predis\Connection\AbstractConnection->getResource()
#7 /www/lumen-im/vendor/predis/predis/src/Connection/StreamConnection.php(394): Predis\Connection\StreamConnection->write('*2\r\n$3\r\nGET\r\n$3...')
#8 /www/lumen-im/vendor/predis/predis/src/Connection/AbstractConnection.php(110): Predis\Connection\StreamConnection->writeRequest(Object(Predis\Command\StringGet))
#9 /www/lumen-im/vendor/predis/predis/src/Client.php(331): Predis\Connection\AbstractConnection->executeCommand(Object(Predis\Command\StringGet))
#10 /www/lumen-im/vendor/predis/predis/src/Client.php(314): Predis\Client->executeCommand(Object(Predis\Command\StringGet))
#11 /www/lumen-im/vendor/illuminate/redis/Connections/Connection.php(114): Predis\Client->__call('get', Array)
#12 /www/lumen-im/vendor/illuminate/redis/Connections/Connection.php(214): Illuminate\Redis\Connections\Connection->command('get', Array)
#13 /www/lumen-im/vendor/illuminate/redis/RedisManager.php(195): Illuminate\Redis\Connections\Connection->__call('get', Array)
#14 /www/lumen-im/vendor/illuminate/support/Facades/Facade.php(237): Illuminate\Redis\RedisManager->__call('get', Array)
#15 /www/lumen-im/app/Http/Controllers/Api/ChatController.php(18): Illuminate\Support\Facades\Facade::__callStatic('get', Array)
#16 [internal function]: App\Http\Controllers\Api\ChatController->userRecords()
#17 /www/lumen-im/vendor/illuminate/container/BoundMethod.php(29): call_user_func_array(Array, Array)
#18 /www/lumen-im/vendor/illuminate/container/BoundMethod.php(87): Illuminate\Container\BoundMethod::Illuminate\Container\{closure}()
#19 /www/lumen-im/vendor/illuminate/container/BoundMethod.php(31): Illuminate\Container\BoundMethod::callBoundMethod(Object(Laravel\Lumen\Application), Array, Object(Closure))
#20 /www/lumen-im/vendor/illuminate/container/Container.php(572): Illuminate\Container\BoundMethod::call(Object(Laravel\Lumen\Application), Array, Array, NULL)
#21 /www/lumen-im/vendor/laravel/lumen-framework/src/Concerns/RoutesRequests.php(378): Illuminate\Container\Container->call(Array, Array)
#22 /www/lumen-im/vendor/laravel/lumen-framework/src/Concerns/RoutesRequests.php(344): Laravel\Lumen\Application->callControllerCallable(Array, Array)
#23 /www/lumen-im/vendor/laravel/lumen-framework/src/Concerns/RoutesRequests.php(318): Laravel\Lumen\Application->callLumenController(Object(App\Http\Controllers\Api\ChatController), 'userRecords', Array)
#24 /www/lumen-im/vendor/laravel/lumen-framework/src/Concerns/RoutesRequests.php(280): Laravel\Lumen\Application->callControllerAction(Array)
#25 /www/lumen-im/vendor/laravel/lumen-framework/src/Concerns/RoutesRequests.php(260): Laravel\Lumen\Application->callActionOnArrayBasedRoute(Array)
#26 /www/lumen-im/vendor/laravel/lumen-framework/src/Concerns/RoutesRequests.php(418): Laravel\Lumen\Application->Laravel\Lumen\Concerns\{closure}(Object(Illuminate\Http\Request))
#27 /www/lumen-im/vendor/laravel/lumen-framework/src/Concerns/RoutesRequests.php(261): Laravel\Lumen\Application->sendThroughPipeline(Array, Object(Closure))
#28 /www/lumen-im/vendor/laravel/lumen-framework/src/Concerns/RoutesRequests.php(165): Laravel\Lumen\Application->handleFoundRoute(Array)
#29 [internal function]: Laravel\Lumen\Application->Laravel\Lumen\Concerns\{closure}(Object(Illuminate\Http\Request))
#30 /www/lumen-im/vendor/laravel/lumen-framework/src/Routing/Pipeline.php(52): call_user_func(Object(Closure), Object(Illuminate\Http\Request))
#31 /www/lumen-im/vendor/barryvdh/laravel-cors/src/HandlePreflight.php(29): Laravel\Lumen\Routing\Pipeline->Laravel\Lumen\Routing\{closure}(Object(Illuminate\Http\Request))
#32 /www/lumen-im/vendor/illuminate/pipeline/Pipeline.php(163): Barryvdh\Cors\HandlePreflight->handle(Object(Illuminate\Http\Request), Object(Closure))
#33 [internal function]: Illuminate\Pipeline\Pipeline->Illuminate\Pipeline\{closure}(Object(Illuminate\Http\Request))
#34 /www/lumen-im/vendor/laravel/lumen-framework/src/Routing/Pipeline.php(32): call_user_func(Object(Closure), Object(Illuminate\Http\Request))
#35 /www/lumen-im/vendor/barryvdh/laravel-cors/src/HandleCors.php(36): Laravel\Lumen\Routing\Pipeline->Laravel\Lumen\Routing\{closure}(Object(Illuminate\Http\Request))
#36 /www/lumen-im/vendor/illuminate/pipeline/Pipeline.php(163): Barryvdh\Cors\HandleCors->handle(Object(Illuminate\Http\Request), Object(Closure))
#37 [internal function]: Illuminate\Pipeline\Pipeline->Illuminate\Pipeline\{closure}(Object(Illuminate\Http\Request))
#38 /www/lumen-im/vendor/laravel/lumen-framework/src/Routing/Pipeline.php(32): call_user_func(Object(Closure), Object(Illuminate\Http\Request))
#39 /www/lumen-im/vendor/illuminate/pipeline/Pipeline.php(104): Laravel\Lumen\Routing\Pipeline->Laravel\Lumen\Routing\{closure}(Object(Illuminate\Http\Request))
#40 /www/lumen-im/vendor/laravel/lumen-framework/src/Concerns/RoutesRequests.php(415): Illuminate\Pipeline\Pipeline->then(Object(Closure))
#41 /www/lumen-im/vendor/laravel/lumen-framework/src/Concerns/RoutesRequests.php(171): Laravel\Lumen\Application->sendThroughPipeline(Array, Object(Closure))
#42 /www/lumen-im/vendor/swooletw/laravel-swoole/src/Server/Sandbox.php(260): Laravel\Lumen\Application->dispatch(Object(Illuminate\Http\Request))
#43 /www/lumen-im/vendor/swooletw/laravel-swoole/src/Server/Sandbox.php(217): SwooleTW\Http\Server\Sandbox->handleRequest(Object(Illuminate\Http\Request))
#44 /www/lumen-im/vendor/swooletw/laravel-swoole/src/Server/Sandbox.php(179): SwooleTW\Http\Server\Sandbox->prepareObResponse(Object(Illuminate\Http\Request))
#45 /www/lumen-im/vendor/swooletw/laravel-swoole/src/Server/Manager.php(225): SwooleTW\Http\Server\Sandbox->run(Object(Illuminate\Http\Request))
#46 {main} {"exception":"[object] (Predis\\Connection\\ConnectionException(code: 61): Connection refused [tcp://127.0.0.1:6379] at /www/lumen-im/vendor/predis/predis/src/Connection/AbstractConnection.php:155)
[stacktrace]
#0 /www/lumen-im/vendor/predis/predis/src/Connection/StreamConnection.php(128): Predis\\Connection\\AbstractConnection->onConnectionError('Connection refu...', 61)
#1 /www/lumen-im/vendor/predis/predis/src/Connection/StreamConnection.php(178): Predis\\Connection\\StreamConnection->createStreamSocket(Object(Predis\\Connection\\Parameters), 'tcp://127.0.0.1...', 4)
#2 /www/lumen-im/vendor/predis/predis/src/Connection/StreamConnection.php(100): Predis\\Connection\\StreamConnection->tcpStreamInitializer(Object(Predis\\Connection\\Parameters))
#3 /www/lumen-im/vendor/predis/predis/src/Connection/AbstractConnection.php(81): Predis\\Connection\\StreamConnection->createResource()
#4 /www/lumen-im/vendor/predis/predis/src/Connection/StreamConnection.php(258): Predis\\Connection\\AbstractConnection->connect()
#5 /www/lumen-im/vendor/predis/predis/src/Connection/AbstractConnection.php(180): Predis\\Connection\\StreamConnection->connect()
#6 /www/lumen-im/vendor/predis/predis/src/Connection/StreamConnection.php(288): Predis\\Connection\\AbstractConnection->getResource()
#7 /www/lumen-im/vendor/predis/predis/src/Connection/StreamConnection.php(394): Predis\\Connection\\StreamConnection->write('*2\\
$3\\
GET\\
$3...')
#8 /www/lumen-im/vendor/predis/predis/src/Connection/AbstractConnection.php(110): Predis\\Connection\\StreamConnection->writeRequest(Object(Predis\\Command\\StringGet))
#9 /www/lumen-im/vendor/predis/predis/src/Client.php(331): Predis\\Connection\\AbstractConnection->executeCommand(Object(Predis\\Command\\StringGet))
#10 /www/lumen-im/vendor/predis/predis/src/Client.php(314): Predis\\Client->executeCommand(Object(Predis\\Command\\StringGet))
#11 /www/lumen-im/vendor/illuminate/redis/Connections/Connection.php(114): Predis\\Client->__call('get', Array)
#12 /www/lumen-im/vendor/illuminate/redis/Connections/Connection.php(214): Illuminate\\Redis\\Connections\\Connection->command('get', Array)
#13 /www/lumen-im/vendor/illuminate/redis/RedisManager.php(195): Illuminate\\Redis\\Connections\\Connection->__call('get', Array)
#14 /www/lumen-im/vendor/illuminate/support/Facades/Facade.php(237): Illuminate\\Redis\\RedisManager->__call('get', Array)
#15 /www/lumen-im/app/Http/Controllers/Api/ChatController.php(18): Illuminate\\Support\\Facades\\Facade::__callStatic('get', Array)
#16 [internal function]: App\\Http\\Controllers\\Api\\ChatController->userRecords()
#17 /www/lumen-im/vendor/illuminate/container/BoundMethod.php(29): call_user_func_array(Array, Array)
#18 /www/lumen-im/vendor/illuminate/container/BoundMethod.php(87): Illuminate\\Container\\BoundMethod::Illuminate\\Container\\{closure}()
#19 /www/lumen-im/vendor/illuminate/container/BoundMethod.php(31): Illuminate\\Container\\BoundMethod::callBoundMethod(Object(Laravel\\Lumen\\Application), Array, Object(Closure))
#20 /www/lumen-im/vendor/illuminate/container/Container.php(572): Illuminate\\Container\\BoundMethod::call(Object(Laravel\\Lumen\\Application), Array, Array, NULL)
#21 /www/lumen-im/vendor/laravel/lumen-framework/src/Concerns/RoutesRequests.php(378): Illuminate\\Container\\Container->call(Array, Array)
#22 /www/lumen-im/vendor/laravel/lumen-framework/src/Concerns/RoutesRequests.php(344): Laravel\\Lumen\\Application->callControllerCallable(Array, Array)
#23 /www/lumen-im/vendor/laravel/lumen-framework/src/Concerns/RoutesRequests.php(318): Laravel\\Lumen\\Application->callLumenController(Object(App\\Http\\Controllers\\Api\\ChatController), 'userRecords', Array)
#24 /www/lumen-im/vendor/laravel/lumen-framework/src/Concerns/RoutesRequests.php(280): Laravel\\Lumen\\Application->callControllerAction(Array)
#25 /www/lumen-im/vendor/laravel/lumen-framework/src/Concerns/RoutesRequests.php(260): Laravel\\Lumen\\Application->callActionOnArrayBasedRoute(Array)
#26 /www/lumen-im/vendor/laravel/lumen-framework/src/Concerns/RoutesRequests.php(418): Laravel\\Lumen\\Application->Laravel\\Lumen\\Concerns\\{closure}(Object(Illuminate\\Http\\Request))
#27 /www/lumen-im/vendor/laravel/lumen-framework/src/Concerns/RoutesRequests.php(261): Laravel\\Lumen\\Application->sendThroughPipeline(Array, Object(Closure))
#28 /www/lumen-im/vendor/laravel/lumen-framework/src/Concerns/RoutesRequests.php(165): Laravel\\Lumen\\Application->handleFoundRoute(Array)
#29 [internal function]: Laravel\\Lumen\\Application->Laravel\\Lumen\\Concerns\\{closure}(Object(Illuminate\\Http\\Request))
#30 /www/lumen-im/vendor/laravel/lumen-framework/src/Routing/Pipeline.php(52): call_user_func(Object(Closure), Object(Illuminate\\Http\\Request))
#31 /www/lumen-im/vendor/barryvdh/laravel-cors/src/HandlePreflight.php(29): Laravel\\Lumen\\Routing\\Pipeline->Laravel\\Lumen\\Routing\\{closure}(Object(Illuminate\\Http\\Request))
#32 /www/lumen-im/vendor/illuminate/pipeline/Pipeline.php(163): Barryvdh\\Cors\\HandlePreflight->handle(Object(Illuminate\\Http\\Request), Object(Closure))
#33 [internal function]: Illuminate\\Pipeline\\Pipeline->Illuminate\\Pipeline\\{closure}(Object(Illuminate\\Http\\Request))
#34 /www/lumen-im/vendor/laravel/lumen-framework/src/Routing/Pipeline.php(32): call_user_func(Object(Closure), Object(Illuminate\\Http\\Request))
#35 /www/lumen-im/vendor/barryvdh/laravel-cors/src/HandleCors.php(36): Laravel\\Lumen\\Routing\\Pipeline->Laravel\\Lumen\\Routing\\{closure}(Object(Illuminate\\Http\\Request))
#36 /www/lumen-im/vendor/illuminate/pipeline/Pipeline.php(163): Barryvdh\\Cors\\HandleCors->handle(Object(Illuminate\\Http\\Request), Object(Closure))
#37 [internal function]: Illuminate\\Pipeline\\Pipeline->Illuminate\\Pipeline\\{closure}(Object(Illuminate\\Http\\Request))
#38 /www/lumen-im/vendor/laravel/lumen-framework/src/Routing/Pipeline.php(32): call_user_func(Object(Closure), Object(Illuminate\\Http\\Request))
#39 /www/lumen-im/vendor/illuminate/pipeline/Pipeline.php(104): Laravel\\Lumen\\Routing\\Pipeline->Laravel\\Lumen\\Routing\\{closure}(Object(Illuminate\\Http\\Request))
#40 /www/lumen-im/vendor/laravel/lumen-framework/src/Concerns/RoutesRequests.php(415): Illuminate\\Pipeline\\Pipeline->then(Object(Closure))
#41 /www/lumen-im/vendor/laravel/lumen-framework/src/Concerns/RoutesRequests.php(171): Laravel\\Lumen\\Application->sendThroughPipeline(Array, Object(Closure))
#42 /www/lumen-im/vendor/swooletw/laravel-swoole/src/Server/Sandbox.php(260): Laravel\\Lumen\\Application->dispatch(Object(Illuminate\\Http\\Request))
#43 /www/lumen-im/vendor/swooletw/laravel-swoole/src/Server/Sandbox.php(217): SwooleTW\\Http\\Server\\Sandbox->handleRequest(Object(Illuminate\\Http\\Request))
#44 /www/lumen-im/vendor/swooletw/laravel-swoole/src/Server/Sandbox.php(179): SwooleTW\\Http\\Server\\Sandbox->prepareObResponse(Object(Illuminate\\Http\\Request))
#45 /www/lumen-im/vendor/swooletw/laravel-swoole/src/Server/Manager.php(225): SwooleTW\\Http\\Server\\Sandbox->run(Object(Illuminate\\Http\\Request))
#46 {main}
"} 
[2019-10-12 07:29:01] local.ERROR: Swoole\ExitException: swoole exit in /www/lumen-im/vendor/symfony/var-dumper/Resources/functions/dump.php:41
Stack trace:
#0 /www/lumen-im/app/Http/Controllers/Api/ChatController.php(18): dd(NULL)
#1 [internal function]: App\Http\Controllers\Api\ChatController->userRecords()
#2 /www/lumen-im/vendor/illuminate/container/BoundMethod.php(29): call_user_func_array(Array, Array)
#3 /www/lumen-im/vendor/illuminate/container/BoundMethod.php(87): Illuminate\Container\BoundMethod::Illuminate\Container\{closure}()
#4 /www/lumen-im/vendor/illuminate/container/BoundMethod.php(31): Illuminate\Container\BoundMethod::callBoundMethod(Object(Laravel\Lumen\Application), Array, Object(Closure))
#5 /www/lumen-im/vendor/illuminate/container/Container.php(572): Illuminate\Container\BoundMethod::call(Object(Laravel\Lumen\Application), Array, Array, NULL)
#6 /www/lumen-im/vendor/laravel/lumen-framework/src/Concerns/RoutesRequests.php(378): Illuminate\Container\Container->call(Array, Array)
#7 /www/lumen-im/vendor/laravel/lumen-framework/src/Concerns/RoutesRequests.php(344): Laravel\Lumen\Application->callControllerCallable(Array, Array)
#8 /www/lumen-im/vendor/laravel/lumen-framework/src/Concerns/RoutesRequests.php(318): Laravel\Lumen\Application->callLumenController(Object(App\Http\Controllers\Api\ChatController), 'userRecords', Array)
#9 /www/lumen-im/vendor/laravel/lumen-framework/src/Concerns/RoutesRequests.php(280): Laravel\Lumen\Application->callControllerAction(Array)
#10 /www/lumen-im/vendor/laravel/lumen-framework/src/Concerns/RoutesRequests.php(260): Laravel\Lumen\Application->callActionOnArrayBasedRoute(Array)
#11 /www/lumen-im/vendor/laravel/lumen-framework/src/Concerns/RoutesRequests.php(418): Laravel\Lumen\Application->Laravel\Lumen\Concerns\{closure}(Object(Illuminate\Http\Request))
#12 /www/lumen-im/vendor/laravel/lumen-framework/src/Concerns/RoutesRequests.php(261): Laravel\Lumen\Application->sendThroughPipeline(Array, Object(Closure))
#13 /www/lumen-im/vendor/laravel/lumen-framework/src/Concerns/RoutesRequests.php(165): Laravel\Lumen\Application->handleFoundRoute(Array)
#14 [internal function]: Laravel\Lumen\Application->Laravel\Lumen\Concerns\{closure}(Object(Illuminate\Http\Request))
#15 /www/lumen-im/vendor/laravel/lumen-framework/src/Routing/Pipeline.php(52): call_user_func(Object(Closure), Object(Illuminate\Http\Request))
#16 /www/lumen-im/vendor/barryvdh/laravel-cors/src/HandlePreflight.php(29): Laravel\Lumen\Routing\Pipeline->Laravel\Lumen\Routing\{closure}(Object(Illuminate\Http\Request))
#17 /www/lumen-im/vendor/illuminate/pipeline/Pipeline.php(163): Barryvdh\Cors\HandlePreflight->handle(Object(Illuminate\Http\Request), Object(Closure))
#18 [internal function]: Illuminate\Pipeline\Pipeline->Illuminate\Pipeline\{closure}(Object(Illuminate\Http\Request))
#19 /www/lumen-im/vendor/laravel/lumen-framework/src/Routing/Pipeline.php(32): call_user_func(Object(Closure), Object(Illuminate\Http\Request))
#20 /www/lumen-im/vendor/barryvdh/laravel-cors/src/HandleCors.php(36): Laravel\Lumen\Routing\Pipeline->Laravel\Lumen\Routing\{closure}(Object(Illuminate\Http\Request))
#21 /www/lumen-im/vendor/illuminate/pipeline/Pipeline.php(163): Barryvdh\Cors\HandleCors->handle(Object(Illuminate\Http\Request), Object(Closure))
#22 [internal function]: Illuminate\Pipeline\Pipeline->Illuminate\Pipeline\{closure}(Object(Illuminate\Http\Request))
#23 /www/lumen-im/vendor/laravel/lumen-framework/src/Routing/Pipeline.php(32): call_user_func(Object(Closure), Object(Illuminate\Http\Request))
#24 /www/lumen-im/vendor/illuminate/pipeline/Pipeline.php(104): Laravel\Lumen\Routing\Pipeline->Laravel\Lumen\Routing\{closure}(Object(Illuminate\Http\Request))
#25 /www/lumen-im/vendor/laravel/lumen-framework/src/Concerns/RoutesRequests.php(415): Illuminate\Pipeline\Pipeline->then(Object(Closure))
#26 /www/lumen-im/vendor/laravel/lumen-framework/src/Concerns/RoutesRequests.php(171): Laravel\Lumen\Application->sendThroughPipeline(Array, Object(Closure))
#27 /www/lumen-im/vendor/swooletw/laravel-swoole/src/Server/Sandbox.php(260): Laravel\Lumen\Application->dispatch(Object(Illuminate\Http\Request))
#28 /www/lumen-im/vendor/swooletw/laravel-swoole/src/Server/Sandbox.php(217): SwooleTW\Http\Server\Sandbox->handleRequest(Object(Illuminate\Http\Request))
#29 /www/lumen-im/vendor/swooletw/laravel-swoole/src/Server/Sandbox.php(179): SwooleTW\Http\Server\Sandbox->prepareObResponse(Object(Illuminate\Http\Request))
#30 /www/lumen-im/vendor/swooletw/laravel-swoole/src/Server/Manager.php(225): SwooleTW\Http\Server\Sandbox->run(Object(Illuminate\Http\Request))
#31 {main} {"exception":"[object] (Swoole\\ExitException(code: 0): swoole exit at /www/lumen-im/vendor/symfony/var-dumper/Resources/functions/dump.php:41)
[stacktrace]
#0 /www/lumen-im/app/Http/Controllers/Api/ChatController.php(18): dd(NULL)
#1 [internal function]: App\\Http\\Controllers\\Api\\ChatController->userRecords()
#2 /www/lumen-im/vendor/illuminate/container/BoundMethod.php(29): call_user_func_array(Array, Array)
#3 /www/lumen-im/vendor/illuminate/container/BoundMethod.php(87): Illuminate\\Container\\BoundMethod::Illuminate\\Container\\{closure}()
#4 /www/lumen-im/vendor/illuminate/container/BoundMethod.php(31): Illuminate\\Container\\BoundMethod::callBoundMethod(Object(Laravel\\Lumen\\Application), Array, Object(Closure))
#5 /www/lumen-im/vendor/illuminate/container/Container.php(572): Illuminate\\Container\\BoundMethod::call(Object(Laravel\\Lumen\\Application), Array, Array, NULL)
#6 /www/lumen-im/vendor/laravel/lumen-framework/src/Concerns/RoutesRequests.php(378): Illuminate\\Container\\Container->call(Array, Array)
#7 /www/lumen-im/vendor/laravel/lumen-framework/src/Concerns/RoutesRequests.php(344): Laravel\\Lumen\\Application->callControllerCallable(Array, Array)
#8 /www/lumen-im/vendor/laravel/lumen-framework/src/Concerns/RoutesRequests.php(318): Laravel\\Lumen\\Application->callLumenController(Object(App\\Http\\Controllers\\Api\\ChatController), 'userRecords', Array)
#9 /www/lumen-im/vendor/laravel/lumen-framework/src/Concerns/RoutesRequests.php(280): Laravel\\Lumen\\Application->callControllerAction(Array)
#10 /www/lumen-im/vendor/laravel/lumen-framework/src/Concerns/RoutesRequests.php(260): Laravel\\Lumen\\Application->callActionOnArrayBasedRoute(Array)
#11 /www/lumen-im/vendor/laravel/lumen-framework/src/Concerns/RoutesRequests.php(418): Laravel\\Lumen\\Application->Laravel\\Lumen\\Concerns\\{closure}(Object(Illuminate\\Http\\Request))
#12 /www/lumen-im/vendor/laravel/lumen-framework/src/Concerns/RoutesRequests.php(261): Laravel\\Lumen\\Application->sendThroughPipeline(Array, Object(Closure))
#13 /www/lumen-im/vendor/laravel/lumen-framework/src/Concerns/RoutesRequests.php(165): Laravel\\Lumen\\Application->handleFoundRoute(Array)
#14 [internal function]: Laravel\\Lumen\\Application->Laravel\\Lumen\\Concerns\\{closure}(Object(Illuminate\\Http\\Request))
#15 /www/lumen-im/vendor/laravel/lumen-framework/src/Routing/Pipeline.php(52): call_user_func(Object(Closure), Object(Illuminate\\Http\\Request))
#16 /www/lumen-im/vendor/barryvdh/laravel-cors/src/HandlePreflight.php(29): Laravel\\Lumen\\Routing\\Pipeline->Laravel\\Lumen\\Routing\\{closure}(Object(Illuminate\\Http\\Request))
#17 /www/lumen-im/vendor/illuminate/pipeline/Pipeline.php(163): Barryvdh\\Cors\\HandlePreflight->handle(Object(Illuminate\\Http\\Request), Object(Closure))
#18 [internal function]: Illuminate\\Pipeline\\Pipeline->Illuminate\\Pipeline\\{closure}(Object(Illuminate\\Http\\Request))
#19 /www/lumen-im/vendor/laravel/lumen-framework/src/Routing/Pipeline.php(32): call_user_func(Object(Closure), Object(Illuminate\\Http\\Request))
#20 /www/lumen-im/vendor/barryvdh/laravel-cors/src/HandleCors.php(36): Laravel\\Lumen\\Routing\\Pipeline->Laravel\\Lumen\\Routing\\{closure}(Object(Illuminate\\Http\\Request))
#21 /www/lumen-im/vendor/illuminate/pipeline/Pipeline.php(163): Barryvdh\\Cors\\HandleCors->handle(Object(Illuminate\\Http\\Request), Object(Closure))
#22 [internal function]: Illuminate\\Pipeline\\Pipeline->Illuminate\\Pipeline\\{closure}(Object(Illuminate\\Http\\Request))
#23 /www/lumen-im/vendor/laravel/lumen-framework/src/Routing/Pipeline.php(32): call_user_func(Object(Closure), Object(Illuminate\\Http\\Request))
#24 /www/lumen-im/vendor/illuminate/pipeline/Pipeline.php(104): Laravel\\Lumen\\Routing\\Pipeline->Laravel\\Lumen\\Routing\\{closure}(Object(Illuminate\\Http\\Request))
#25 /www/lumen-im/vendor/laravel/lumen-framework/src/Concerns/RoutesRequests.php(415): Illuminate\\Pipeline\\Pipeline->then(Object(Closure))
#26 /www/lumen-im/vendor/laravel/lumen-framework/src/Concerns/RoutesRequests.php(171): Laravel\\Lumen\\Application->sendThroughPipeline(Array, Object(Closure))
#27 /www/lumen-im/vendor/swooletw/laravel-swoole/src/Server/Sandbox.php(260): Laravel\\Lumen\\Application->dispatch(Object(Illuminate\\Http\\Request))
#28 /www/lumen-im/vendor/swooletw/laravel-swoole/src/Server/Sandbox.php(217): SwooleTW\\Http\\Server\\Sandbox->handleRequest(Object(Illuminate\\Http\\Request))
#29 /www/lumen-im/vendor/swooletw/laravel-swoole/src/Server/Sandbox.php(179): SwooleTW\\Http\\Server\\Sandbox->prepareObResponse(Object(Illuminate\\Http\\Request))
#30 /www/lumen-im/vendor/swooletw/laravel-swoole/src/Server/Manager.php(225): SwooleTW\\Http\\Server\\Sandbox->run(Object(Illuminate\\Http\\Request))
#31 {main}
"} 
[2019-10-12 10:41:43] local.ERROR: ErrorException: Swoole\Server::close() expects at most 2 parameters, 3 given in /www/lumen-im/app/Services/Websocket/SocketHandler.php:40
Stack trace:
#0 [internal function]: Laravel\Lumen\Application->Laravel\Lumen\Concerns\{closure}(2, 'Swoole\\Server::...', '/www/lumen-im/a...', 40, Array)
#1 /www/lumen-im/app/Services/Websocket/SocketHandler.php(40): Swoole\Server->close(1, 4030, '\xE6\x82\xA8\xE7\x9A\x84\xE8\xB4\xA6\xE5\x8F\xB7\xE5\x9C\xA8...')
#2 /www/lumen-im/vendor/swooletw/laravel-swoole/src/Concerns/InteractsWithWebsocket.php(96): App\Services\Websocket\SocketHandler->onOpen(2, Object(Illuminate\Http\Request))
#3 /www/lumen-im/vendor/swooletw/laravel-swoole/src/Concerns/InteractsWithWebsocket.php(65): SwooleTW\Http\Server\Manager->onOpen(Object(Swoole\WebSocket\Server), Object(Swoole\Http\Request), Object(Swoole\Http\Response))
#4 {main} {"exception":"[object] (ErrorException(code: 0): Swoole\\Server::close() expects at most 2 parameters, 3 given at /www/lumen-im/app/Services/Websocket/SocketHandler.php:40)
[stacktrace]
#0 [internal function]: Laravel\\Lumen\\Application->Laravel\\Lumen\\Concerns\\{closure}(2, 'Swoole\\\\Server::...', '/www/lumen-im/a...', 40, Array)
#1 /www/lumen-im/app/Services/Websocket/SocketHandler.php(40): Swoole\\Server->close(1, 4030, '\\xE6\\x82\\xA8\\xE7\\x9A\\x84\\xE8\\xB4\\xA6\\xE5\\x8F\\xB7\\xE5\\x9C\\xA8...')
#2 /www/lumen-im/vendor/swooletw/laravel-swoole/src/Concerns/InteractsWithWebsocket.php(96): App\\Services\\Websocket\\SocketHandler->onOpen(2, Object(Illuminate\\Http\\Request))
#3 /www/lumen-im/vendor/swooletw/laravel-swoole/src/Concerns/InteractsWithWebsocket.php(65): SwooleTW\\Http\\Server\\Manager->onOpen(Object(Swoole\\WebSocket\\Server), Object(Swoole\\Http\\Request), Object(Swoole\\Http\\Response))
#4 {main}
"} 
[2019-10-12 10:47:30] local.ERROR: ErrorException: Swoole\Server::close() expects at most 2 parameters, 3 given in /www/lumen-im/app/Services/Websocket/SocketHandler.php:40
Stack trace:
#0 [internal function]: Laravel\Lumen\Application->Laravel\Lumen\Concerns\{closure}(2, 'Swoole\\Server::...', '/www/lumen-im/a...', 40, Array)
#1 /www/lumen-im/app/Services/Websocket/SocketHandler.php(40): Swoole\Server->close(1, 4030, '\xE6\x82\xA8\xE7\x9A\x84\xE8\xB4\xA6\xE5\x8F\xB7\xE5\x9C\xA8...')
#2 /www/lumen-im/vendor/swooletw/laravel-swoole/src/Concerns/InteractsWithWebsocket.php(96): App\Services\Websocket\SocketHandler->onOpen(3, Object(Illuminate\Http\Request))
#3 /www/lumen-im/vendor/swooletw/laravel-swoole/src/Concerns/InteractsWithWebsocket.php(65): SwooleTW\Http\Server\Manager->onOpen(Object(Swoole\WebSocket\Server), Object(Swoole\Http\Request), Object(Swoole\Http\Response))
#4 {main} {"exception":"[object] (ErrorException(code: 0): Swoole\\Server::close() expects at most 2 parameters, 3 given at /www/lumen-im/app/Services/Websocket/SocketHandler.php:40)
[stacktrace]
#0 [internal function]: Laravel\\Lumen\\Application->Laravel\\Lumen\\Concerns\\{closure}(2, 'Swoole\\\\Server::...', '/www/lumen-im/a...', 40, Array)
#1 /www/lumen-im/app/Services/Websocket/SocketHandler.php(40): Swoole\\Server->close(1, 4030, '\\xE6\\x82\\xA8\\xE7\\x9A\\x84\\xE8\\xB4\\xA6\\xE5\\x8F\\xB7\\xE5\\x9C\\xA8...')
#2 /www/lumen-im/vendor/swooletw/laravel-swoole/src/Concerns/InteractsWithWebsocket.php(96): App\\Services\\Websocket\\SocketHandler->onOpen(3, Object(Illuminate\\Http\\Request))
#3 /www/lumen-im/vendor/swooletw/laravel-swoole/src/Concerns/InteractsWithWebsocket.php(65): SwooleTW\\Http\\Server\\Manager->onOpen(Object(Swoole\\WebSocket\\Server), Object(Swoole\\Http\\Request), Object(Swoole\\Http\\Response))
#4 {main}
"} 
[2019-10-12 10:47:47] local.ERROR: ErrorException: Swoole\Server::close() expects at most 2 parameters, 3 given in /www/lumen-im/app/Services/Websocket/SocketHandler.php:40
Stack trace:
#0 [internal function]: Laravel\Lumen\Application->Laravel\Lumen\Concerns\{closure}(2, 'Swoole\\Server::...', '/www/lumen-im/a...', 40, Array)
#1 /www/lumen-im/app/Services/Websocket/SocketHandler.php(40): Swoole\Server->close(4, 4030, '\xE6\x82\xA8\xE7\x9A\x84\xE8\xB4\xA6\xE5\x8F\xB7\xE5\x9C\xA8...')
#2 /www/lumen-im/vendor/swooletw/laravel-swoole/src/Concerns/InteractsWithWebsocket.php(96): App\Services\Websocket\SocketHandler->onOpen(5, Object(Illuminate\Http\Request))
#3 /www/lumen-im/vendor/swooletw/laravel-swoole/src/Concerns/InteractsWithWebsocket.php(65): SwooleTW\Http\Server\Manager->onOpen(Object(Swoole\WebSocket\Server), Object(Swoole\Http\Request), Object(Swoole\Http\Response))
#4 {main} {"exception":"[object] (ErrorException(code: 0): Swoole\\Server::close() expects at most 2 parameters, 3 given at /www/lumen-im/app/Services/Websocket/SocketHandler.php:40)
[stacktrace]
#0 [internal function]: Laravel\\Lumen\\Application->Laravel\\Lumen\\Concerns\\{closure}(2, 'Swoole\\\\Server::...', '/www/lumen-im/a...', 40, Array)
#1 /www/lumen-im/app/Services/Websocket/SocketHandler.php(40): Swoole\\Server->close(4, 4030, '\\xE6\\x82\\xA8\\xE7\\x9A\\x84\\xE8\\xB4\\xA6\\xE5\\x8F\\xB7\\xE5\\x9C\\xA8...')
#2 /www/lumen-im/vendor/swooletw/laravel-swoole/src/Concerns/InteractsWithWebsocket.php(96): App\\Services\\Websocket\\SocketHandler->onOpen(5, Object(Illuminate\\Http\\Request))
#3 /www/lumen-im/vendor/swooletw/laravel-swoole/src/Concerns/InteractsWithWebsocket.php(65): SwooleTW\\Http\\Server\\Manager->onOpen(Object(Swoole\\WebSocket\\Server), Object(Swoole\\Http\\Request), Object(Swoole\\Http\\Response))
#4 {main}
"} 
[2019-10-12 10:47:51] local.ERROR: ErrorException: Swoole\Server::close() expects at most 2 parameters, 3 given in /www/lumen-im/app/Services/Websocket/SocketHandler.php:40
Stack trace:
#0 [internal function]: Laravel\Lumen\Application->Laravel\Lumen\Concerns\{closure}(2, 'Swoole\\Server::...', '/www/lumen-im/a...', 40, Array)
#1 /www/lumen-im/app/Services/Websocket/SocketHandler.php(40): Swoole\Server->close(4, 4030, '\xE6\x82\xA8\xE7\x9A\x84\xE8\xB4\xA6\xE5\x8F\xB7\xE5\x9C\xA8...')
#2 /www/lumen-im/vendor/swooletw/laravel-swoole/src/Concerns/InteractsWithWebsocket.php(96): App\Services\Websocket\SocketHandler->onOpen(6, Object(Illuminate\Http\Request))
#3 /www/lumen-im/vendor/swooletw/laravel-swoole/src/Concerns/InteractsWithWebsocket.php(65): SwooleTW\Http\Server\Manager->onOpen(Object(Swoole\WebSocket\Server), Object(Swoole\Http\Request), Object(Swoole\Http\Response))
#4 {main} {"exception":"[object] (ErrorException(code: 0): Swoole\\Server::close() expects at most 2 parameters, 3 given at /www/lumen-im/app/Services/Websocket/SocketHandler.php:40)
[stacktrace]
#0 [internal function]: Laravel\\Lumen\\Application->Laravel\\Lumen\\Concerns\\{closure}(2, 'Swoole\\\\Server::...', '/www/lumen-im/a...', 40, Array)
#1 /www/lumen-im/app/Services/Websocket/SocketHandler.php(40): Swoole\\Server->close(4, 4030, '\\xE6\\x82\\xA8\\xE7\\x9A\\x84\\xE8\\xB4\\xA6\\xE5\\x8F\\xB7\\xE5\\x9C\\xA8...')
#2 /www/lumen-im/vendor/swooletw/laravel-swoole/src/Concerns/InteractsWithWebsocket.php(96): App\\Services\\Websocket\\SocketHandler->onOpen(6, Object(Illuminate\\Http\\Request))
#3 /www/lumen-im/vendor/swooletw/laravel-swoole/src/Concerns/InteractsWithWebsocket.php(65): SwooleTW\\Http\\Server\\Manager->onOpen(Object(Swoole\\WebSocket\\Server), Object(Swoole\\Http\\Request), Object(Swoole\\Http\\Response))
#4 {main}
"} 
[2019-10-12 10:47:52] local.ERROR: ErrorException: Swoole\Server::close() expects at most 2 parameters, 3 given in /www/lumen-im/app/Services/Websocket/SocketHandler.php:40
Stack trace:
#0 [internal function]: Laravel\Lumen\Application->Laravel\Lumen\Concerns\{closure}(2, 'Swoole\\Server::...', '/www/lumen-im/a...', 40, Array)
#1 /www/lumen-im/app/Services/Websocket/SocketHandler.php(40): Swoole\Server->close(4, 4030, '\xE6\x82\xA8\xE7\x9A\x84\xE8\xB4\xA6\xE5\x8F\xB7\xE5\x9C\xA8...')
#2 /www/lumen-im/vendor/swooletw/laravel-swoole/src/Concerns/InteractsWithWebsocket.php(96): App\Services\Websocket\SocketHandler->onOpen(7, Object(Illuminate\Http\Request))
#3 /www/lumen-im/vendor/swooletw/laravel-swoole/src/Concerns/InteractsWithWebsocket.php(65): SwooleTW\Http\Server\Manager->onOpen(Object(Swoole\WebSocket\Server), Object(Swoole\Http\Request), Object(Swoole\Http\Response))
#4 {main} {"exception":"[object] (ErrorException(code: 0): Swoole\\Server::close() expects at most 2 parameters, 3 given at /www/lumen-im/app/Services/Websocket/SocketHandler.php:40)
[stacktrace]
#0 [internal function]: Laravel\\Lumen\\Application->Laravel\\Lumen\\Concerns\\{closure}(2, 'Swoole\\\\Server::...', '/www/lumen-im/a...', 40, Array)
#1 /www/lumen-im/app/Services/Websocket/SocketHandler.php(40): Swoole\\Server->close(4, 4030, '\\xE6\\x82\\xA8\\xE7\\x9A\\x84\\xE8\\xB4\\xA6\\xE5\\x8F\\xB7\\xE5\\x9C\\xA8...')
#2 /www/lumen-im/vendor/swooletw/laravel-swoole/src/Concerns/InteractsWithWebsocket.php(96): App\\Services\\Websocket\\SocketHandler->onOpen(7, Object(Illuminate\\Http\\Request))
#3 /www/lumen-im/vendor/swooletw/laravel-swoole/src/Concerns/InteractsWithWebsocket.php(65): SwooleTW\\Http\\Server\\Manager->onOpen(Object(Swoole\\WebSocket\\Server), Object(Swoole\\Http\\Request), Object(Swoole\\Http\\Response))
#4 {main}
"} 
