[2019-10-13 03:43:33] local.ERROR: Symfony\Component\Debug\Exception\FatalThrowableError: Argument 1 passed to Illuminate\Database\Grammar::columnize() must be of the type array, string given, called in D:\phpStudy\PHPTutorial\WWW\lumenim\vendor\illuminate\database\Query\Grammars\Grammar.php on line 137 in D:\phpStudy\PHPTutorial\WWW\lumenim\vendor\illuminate\database\Grammar.php:127
Stack trace:
#0 D:\phpStudy\PHPTutorial\WWW\lumenim\vendor\illuminate\database\Query\Grammars\Grammar.php(137): Illuminate\Database\Grammar->columnize('group_id')
#1 D:\phpStudy\PHPTutorial\WWW\lumenim\vendor\illuminate\database\Query\Grammars\Grammar.php(91): Illuminate\Database\Query\Grammars\Grammar->compileColumns(Object(Illuminate\Database\Query\Builder), 'group_id')
#2 D:\phpStudy\PHPTutorial\WWW\lumenim\vendor\illuminate\database\Query\Grammars\Grammar.php(66): Illuminate\Database\Query\Grammars\Grammar->compileComponents(Object(Illuminate\Database\Query\Builder))
#3 D:\phpStudy\PHPTutorial\WWW\lumenim\vendor\illuminate\database\Query\Grammars\MySqlGrammar.php(50): Illuminate\Database\Query\Grammars\Grammar->compileSelect(Object(Illuminate\Database\Query\Builder))
#4 D:\phpStudy\PHPTutorial\WWW\lumenim\vendor\illuminate\database\Query\Builder.php(2046): Illuminate\Database\Query\Grammars\MySqlGrammar->compileSelect(Object(Illuminate\Database\Query\Builder))
#5 D:\phpStudy\PHPTutorial\WWW\lumenim\vendor\illuminate\database\Query\Builder.php(2095): Illuminate\Database\Query\Builder->toSql()
#6 D:\phpStudy\PHPTutorial\WWW\lumenim\vendor\illuminate\database\Query\Builder.php(2083): Illuminate\Database\Query\Builder->runSelect()
#7 D:\phpStudy\PHPTutorial\WWW\lumenim\vendor\illuminate\database\Query\Builder.php(2569): Illuminate\Database\Query\Builder->Illuminate\Database\Query\{closure}()
#8 D:\phpStudy\PHPTutorial\WWW\lumenim\vendor\illuminate\database\Query\Builder.php(2084): Illuminate\Database\Query\Builder->onceWithColumns('group_id', Object(Closure))
#9 D:\phpStudy\PHPTutorial\WWW\lumenim\vendor\illuminate\database\Eloquent\Builder.php(519): Illuminate\Database\Query\Builder->get('group_id')
#10 D:\phpStudy\PHPTutorial\WWW\lumenim\vendor\illuminate\database\Eloquent\Builder.php(503): Illuminate\Database\Eloquent\Builder->getModels('group_id')
#11 D:\phpStudy\PHPTutorial\WWW\lumenim\app\Logic\UsersLogic.php(60): Illuminate\Database\Eloquent\Builder->get('group_id')
#12 D:\phpStudy\PHPTutorial\WWW\lumenim\app\Http\Controllers\Api\ChatController.php(17): App\Logic\UsersLogic->getUserGroupIds(15)
#13 [internal function]: App\Http\Controllers\Api\ChatController->userRecords(Object(App\Logic\UsersLogic), Object(App\Helpers\WebSocketHelper))
#14 D:\phpStudy\PHPTutorial\WWW\lumenim\vendor\illuminate\container\BoundMethod.php(29): call_user_func_array(Array, Array)
#15 D:\phpStudy\PHPTutorial\WWW\lumenim\vendor\illuminate\container\BoundMethod.php(87): Illuminate\Container\BoundMethod::Illuminate\Container\{closure}()
#16 D:\phpStudy\PHPTutorial\WWW\lumenim\vendor\illuminate\container\BoundMethod.php(31): Illuminate\Container\BoundMethod::callBoundMethod(Object(Laravel\Lumen\Application), Array, Object(Closure))
#17 D:\phpStudy\PHPTutorial\WWW\lumenim\vendor\illuminate\container\Container.php(572): Illuminate\Container\BoundMethod::call(Object(Laravel\Lumen\Application), Array, Array, NULL)
#18 D:\phpStudy\PHPTutorial\WWW\lumenim\vendor\laravel\lumen-framework\src\Concerns\RoutesRequests.php(378): Illuminate\Container\Container->call(Array, Array)
#19 D:\phpStudy\PHPTutorial\WWW\lumenim\vendor\laravel\lumen-framework\src\Concerns\RoutesRequests.php(344): Laravel\Lumen\Application->callControllerCallable(Array, Array)
#20 D:\phpStudy\PHPTutorial\WWW\lumenim\vendor\laravel\lumen-framework\src\Concerns\RoutesRequests.php(318): Laravel\Lumen\Application->callLumenController(Object(App\Http\Controllers\Api\ChatController), 'userRecords', Array)
#21 D:\phpStudy\PHPTutorial\WWW\lumenim\vendor\laravel\lumen-framework\src\Concerns\RoutesRequests.php(280): Laravel\Lumen\Application->callControllerAction(Array)
#22 D:\phpStudy\PHPTutorial\WWW\lumenim\vendor\laravel\lumen-framework\src\Concerns\RoutesRequests.php(260): Laravel\Lumen\Application->callActionOnArrayBasedRoute(Array)
#23 D:\phpStudy\PHPTutorial\WWW\lumenim\vendor\laravel\lumen-framework\src\Concerns\RoutesRequests.php(418): Laravel\Lumen\Application->Laravel\Lumen\Concerns\{closure}(Object(Laravel\Lumen\Http\Request))
#24 D:\phpStudy\PHPTutorial\WWW\lumenim\vendor\laravel\lumen-framework\src\Concerns\RoutesRequests.php(261): Laravel\Lumen\Application->sendThroughPipeline(Array, Object(Closure))
#25 D:\phpStudy\PHPTutorial\WWW\lumenim\vendor\laravel\lumen-framework\src\Concerns\RoutesRequests.php(165): Laravel\Lumen\Application->handleFoundRoute(Array)
#26 [internal function]: Laravel\Lumen\Application->Laravel\Lumen\Concerns\{closure}(Object(Laravel\Lumen\Http\Request))
#27 D:\phpStudy\PHPTutorial\WWW\lumenim\vendor\laravel\lumen-framework\src\Routing\Pipeline.php(52): call_user_func(Object(Closure), Object(Laravel\Lumen\Http\Request))
#28 D:\phpStudy\PHPTutorial\WWW\lumenim\vendor\barryvdh\laravel-cors\src\HandlePreflight.php(29): Laravel\Lumen\Routing\Pipeline->Laravel\Lumen\Routing\{closure}(Object(Laravel\Lumen\Http\Request))
#29 D:\phpStudy\PHPTutorial\WWW\lumenim\vendor\illuminate\pipeline\Pipeline.php(163): Barryvdh\Cors\HandlePreflight->handle(Object(Laravel\Lumen\Http\Request), Object(Closure))
#30 [internal function]: Illuminate\Pipeline\Pipeline->Illuminate\Pipeline\{closure}(Object(Laravel\Lumen\Http\Request))
#31 D:\phpStudy\PHPTutorial\WWW\lumenim\vendor\laravel\lumen-framework\src\Routing\Pipeline.php(32): call_user_func(Object(Closure), Object(Laravel\Lumen\Http\Request))
#32 D:\phpStudy\PHPTutorial\WWW\lumenim\vendor\barryvdh\laravel-cors\src\HandleCors.php(36): Laravel\Lumen\Routing\Pipeline->Laravel\Lumen\Routing\{closure}(Object(Laravel\Lumen\Http\Request))
#33 D:\phpStudy\PHPTutorial\WWW\lumenim\vendor\illuminate\pipeline\Pipeline.php(163): Barryvdh\Cors\HandleCors->handle(Object(Laravel\Lumen\Http\Request), Object(Closure))
#34 [internal function]: Illuminate\Pipeline\Pipeline->Illuminate\Pipeline\{closure}(Object(Laravel\Lumen\Http\Request))
#35 D:\phpStudy\PHPTutorial\WWW\lumenim\vendor\laravel\lumen-framework\src\Routing\Pipeline.php(32): call_user_func(Object(Closure), Object(Laravel\Lumen\Http\Request))
#36 D:\phpStudy\PHPTutorial\WWW\lumenim\vendor\illuminate\pipeline\Pipeline.php(104): Laravel\Lumen\Routing\Pipeline->Laravel\Lumen\Routing\{closure}(Object(Laravel\Lumen\Http\Request))
#37 D:\phpStudy\PHPTutorial\WWW\lumenim\vendor\laravel\lumen-framework\src\Concerns\RoutesRequests.php(415): Illuminate\Pipeline\Pipeline->then(Object(Closure))
#38 D:\phpStudy\PHPTutorial\WWW\lumenim\vendor\laravel\lumen-framework\src\Concerns\RoutesRequests.php(171): Laravel\Lumen\Application->sendThroughPipeline(Array, Object(Closure))
#39 D:\phpStudy\PHPTutorial\WWW\lumenim\vendor\laravel\lumen-framework\src\Concerns\RoutesRequests.php(108): Laravel\Lumen\Application->dispatch(NULL)
#40 D:\phpStudy\PHPTutorial\WWW\lumenim\public\index.php(28): Laravel\Lumen\Application->run()
#41 {main} {"exception":"[object] (Symfony\\Component\\Debug\\Exception\\FatalThrowableError(code: 0): Argument 1 passed to Illuminate\\Database\\Grammar::columnize() must be of the type array, string given, called in D:\\phpStudy\\PHPTutorial\\WWW\\lumenim\\vendor\\illuminate\\database\\Query\\Grammars\\Grammar.php on line 137 at D:\\phpStudy\\PHPTutorial\\WWW\\lumenim\\vendor\\illuminate\\database\\Grammar.php:127)
[stacktrace]
#0 D:\\phpStudy\\PHPTutorial\\WWW\\lumenim\\vendor\\illuminate\\database\\Query\\Grammars\\Grammar.php(137): Illuminate\\Database\\Grammar->columnize('group_id')
#1 D:\\phpStudy\\PHPTutorial\\WWW\\lumenim\\vendor\\illuminate\\database\\Query\\Grammars\\Grammar.php(91): Illuminate\\Database\\Query\\Grammars\\Grammar->compileColumns(Object(Illuminate\\Database\\Query\\Builder), 'group_id')
#2 D:\\phpStudy\\PHPTutorial\\WWW\\lumenim\\vendor\\illuminate\\database\\Query\\Grammars\\Grammar.php(66): Illuminate\\Database\\Query\\Grammars\\Grammar->compileComponents(Object(Illuminate\\Database\\Query\\Builder))
#3 D:\\phpStudy\\PHPTutorial\\WWW\\lumenim\\vendor\\illuminate\\database\\Query\\Grammars\\MySqlGrammar.php(50): Illuminate\\Database\\Query\\Grammars\\Grammar->compileSelect(Object(Illuminate\\Database\\Query\\Builder))
#4 D:\\phpStudy\\PHPTutorial\\WWW\\lumenim\\vendor\\illuminate\\database\\Query\\Builder.php(2046): Illuminate\\Database\\Query\\Grammars\\MySqlGrammar->compileSelect(Object(Illuminate\\Database\\Query\\Builder))
#5 D:\\phpStudy\\PHPTutorial\\WWW\\lumenim\\vendor\\illuminate\\database\\Query\\Builder.php(2095): Illuminate\\Database\\Query\\Builder->toSql()
#6 D:\\phpStudy\\PHPTutorial\\WWW\\lumenim\\vendor\\illuminate\\database\\Query\\Builder.php(2083): Illuminate\\Database\\Query\\Builder->runSelect()
#7 D:\\phpStudy\\PHPTutorial\\WWW\\lumenim\\vendor\\illuminate\\database\\Query\\Builder.php(2569): Illuminate\\Database\\Query\\Builder->Illuminate\\Database\\Query\\{closure}()
#8 D:\\phpStudy\\PHPTutorial\\WWW\\lumenim\\vendor\\illuminate\\database\\Query\\Builder.php(2084): Illuminate\\Database\\Query\\Builder->onceWithColumns('group_id', Object(Closure))
#9 D:\\phpStudy\\PHPTutorial\\WWW\\lumenim\\vendor\\illuminate\\database\\Eloquent\\Builder.php(519): Illuminate\\Database\\Query\\Builder->get('group_id')
#10 D:\\phpStudy\\PHPTutorial\\WWW\\lumenim\\vendor\\illuminate\\database\\Eloquent\\Builder.php(503): Illuminate\\Database\\Eloquent\\Builder->getModels('group_id')
#11 D:\\phpStudy\\PHPTutorial\\WWW\\lumenim\\app\\Logic\\UsersLogic.php(60): Illuminate\\Database\\Eloquent\\Builder->get('group_id')
#12 D:\\phpStudy\\PHPTutorial\\WWW\\lumenim\\app\\Http\\Controllers\\Api\\ChatController.php(17): App\\Logic\\UsersLogic->getUserGroupIds(15)
#13 [internal function]: App\\Http\\Controllers\\Api\\ChatController->userRecords(Object(App\\Logic\\UsersLogic), Object(App\\Helpers\\WebSocketHelper))
#14 D:\\phpStudy\\PHPTutorial\\WWW\\lumenim\\vendor\\illuminate\\container\\BoundMethod.php(29): call_user_func_array(Array, Array)
#15 D:\\phpStudy\\PHPTutorial\\WWW\\lumenim\\vendor\\illuminate\\container\\BoundMethod.php(87): Illuminate\\Container\\BoundMethod::Illuminate\\Container\\{closure}()
#16 D:\\phpStudy\\PHPTutorial\\WWW\\lumenim\\vendor\\illuminate\\container\\BoundMethod.php(31): Illuminate\\Container\\BoundMethod::callBoundMethod(Object(Laravel\\Lumen\\Application), Array, Object(Closure))
#17 D:\\phpStudy\\PHPTutorial\\WWW\\lumenim\\vendor\\illuminate\\container\\Container.php(572): Illuminate\\Container\\BoundMethod::call(Object(Laravel\\Lumen\\Application), Array, Array, NULL)
#18 D:\\phpStudy\\PHPTutorial\\WWW\\lumenim\\vendor\\laravel\\lumen-framework\\src\\Concerns\\RoutesRequests.php(378): Illuminate\\Container\\Container->call(Array, Array)
#19 D:\\phpStudy\\PHPTutorial\\WWW\\lumenim\\vendor\\laravel\\lumen-framework\\src\\Concerns\\RoutesRequests.php(344): Laravel\\Lumen\\Application->callControllerCallable(Array, Array)
#20 D:\\phpStudy\\PHPTutorial\\WWW\\lumenim\\vendor\\laravel\\lumen-framework\\src\\Concerns\\RoutesRequests.php(318): Laravel\\Lumen\\Application->callLumenController(Object(App\\Http\\Controllers\\Api\\ChatController), 'userRecords', Array)
#21 D:\\phpStudy\\PHPTutorial\\WWW\\lumenim\\vendor\\laravel\\lumen-framework\\src\\Concerns\\RoutesRequests.php(280): Laravel\\Lumen\\Application->callControllerAction(Array)
#22 D:\\phpStudy\\PHPTutorial\\WWW\\lumenim\\vendor\\laravel\\lumen-framework\\src\\Concerns\\RoutesRequests.php(260): Laravel\\Lumen\\Application->callActionOnArrayBasedRoute(Array)
#23 D:\\phpStudy\\PHPTutorial\\WWW\\lumenim\\vendor\\laravel\\lumen-framework\\src\\Concerns\\RoutesRequests.php(418): Laravel\\Lumen\\Application->Laravel\\Lumen\\Concerns\\{closure}(Object(Laravel\\Lumen\\Http\\Request))
#24 D:\\phpStudy\\PHPTutorial\\WWW\\lumenim\\vendor\\laravel\\lumen-framework\\src\\Concerns\\RoutesRequests.php(261): Laravel\\Lumen\\Application->sendThroughPipeline(Array, Object(Closure))
#25 D:\\phpStudy\\PHPTutorial\\WWW\\lumenim\\vendor\\laravel\\lumen-framework\\src\\Concerns\\RoutesRequests.php(165): Laravel\\Lumen\\Application->handleFoundRoute(Array)
#26 [internal function]: Laravel\\Lumen\\Application->Laravel\\Lumen\\Concerns\\{closure}(Object(Laravel\\Lumen\\Http\\Request))
#27 D:\\phpStudy\\PHPTutorial\\WWW\\lumenim\\vendor\\laravel\\lumen-framework\\src\\Routing\\Pipeline.php(52): call_user_func(Object(Closure), Object(Laravel\\Lumen\\Http\\Request))
#28 D:\\phpStudy\\PHPTutorial\\WWW\\lumenim\\vendor\\barryvdh\\laravel-cors\\src\\HandlePreflight.php(29): Laravel\\Lumen\\Routing\\Pipeline->Laravel\\Lumen\\Routing\\{closure}(Object(Laravel\\Lumen\\Http\\Request))
#29 D:\\phpStudy\\PHPTutorial\\WWW\\lumenim\\vendor\\illuminate\\pipeline\\Pipeline.php(163): Barryvdh\\Cors\\HandlePreflight->handle(Object(Laravel\\Lumen\\Http\\Request), Object(Closure))
#30 [internal function]: Illuminate\\Pipeline\\Pipeline->Illuminate\\Pipeline\\{closure}(Object(Laravel\\Lumen\\Http\\Request))
#31 D:\\phpStudy\\PHPTutorial\\WWW\\lumenim\\vendor\\laravel\\lumen-framework\\src\\Routing\\Pipeline.php(32): call_user_func(Object(Closure), Object(Laravel\\Lumen\\Http\\Request))
#32 D:\\phpStudy\\PHPTutorial\\WWW\\lumenim\\vendor\\barryvdh\\laravel-cors\\src\\HandleCors.php(36): Laravel\\Lumen\\Routing\\Pipeline->Laravel\\Lumen\\Routing\\{closure}(Object(Laravel\\Lumen\\Http\\Request))
#33 D:\\phpStudy\\PHPTutorial\\WWW\\lumenim\\vendor\\illuminate\\pipeline\\Pipeline.php(163): Barryvdh\\Cors\\HandleCors->handle(Object(Laravel\\Lumen\\Http\\Request), Object(Closure))
#34 [internal function]: Illuminate\\Pipeline\\Pipeline->Illuminate\\Pipeline\\{closure}(Object(Laravel\\Lumen\\Http\\Request))
#35 D:\\phpStudy\\PHPTutorial\\WWW\\lumenim\\vendor\\laravel\\lumen-framework\\src\\Routing\\Pipeline.php(32): call_user_func(Object(Closure), Object(Laravel\\Lumen\\Http\\Request))
#36 D:\\phpStudy\\PHPTutorial\\WWW\\lumenim\\vendor\\illuminate\\pipeline\\Pipeline.php(104): Laravel\\Lumen\\Routing\\Pipeline->Laravel\\Lumen\\Routing\\{closure}(Object(Laravel\\Lumen\\Http\\Request))
#37 D:\\phpStudy\\PHPTutorial\\WWW\\lumenim\\vendor\\laravel\\lumen-framework\\src\\Concerns\\RoutesRequests.php(415): Illuminate\\Pipeline\\Pipeline->then(Object(Closure))
#38 D:\\phpStudy\\PHPTutorial\\WWW\\lumenim\\vendor\\laravel\\lumen-framework\\src\\Concerns\\RoutesRequests.php(171): Laravel\\Lumen\\Application->sendThroughPipeline(Array, Object(Closure))
#39 D:\\phpStudy\\PHPTutorial\\WWW\\lumenim\\vendor\\laravel\\lumen-framework\\src\\Concerns\\RoutesRequests.php(108): Laravel\\Lumen\\Application->dispatch(NULL)
#40 D:\\phpStudy\\PHPTutorial\\WWW\\lumenim\\public\\index.php(28): Laravel\\Lumen\\Application->run()
#41 {main}
"} 
[2019-10-13 06:13:21] local.ERROR: ErrorException: include(D:\phpStudy\PHPTutorial\WWW\lumenim): failed to open stream: Permission denied in D:\phpStudy\PHPTutorial\WWW\lumenim\vendor\composer\ClassLoader.php:444
Stack trace:
#0 D:\phpStudy\PHPTutorial\WWW\lumenim\vendor\composer\ClassLoader.php(444): Laravel\Lumen\Application->Laravel\Lumen\Concerns\{closure}(2, 'include(D:\\phpS...', 'D:\\phpStudy\\PHP...', 444, Array)
#1 D:\phpStudy\PHPTutorial\WWW\lumenim\vendor\composer\ClassLoader.php(444): include()
#2 D:\phpStudy\PHPTutorial\WWW\lumenim\vendor\composer\ClassLoader.php(322): Composer\Autoload\includeFile('D:\\phpStudy\\PHP...')
#3 [internal function]: Composer\Autoload\ClassLoader->loadClass('App\\User')
#4 D:\phpStudy\PHPTutorial\WWW\lumenim\app\Http\Controllers\Api\AuthController.php(60): spl_autoload_call('App\\User')
#5 [internal function]: App\Http\Controllers\Api\AuthController->login(Object(Laravel\Lumen\Http\Request))
#6 D:\phpStudy\PHPTutorial\WWW\lumenim\vendor\illuminate\container\BoundMethod.php(29): call_user_func_array(Array, Array)
#7 D:\phpStudy\PHPTutorial\WWW\lumenim\vendor\illuminate\container\BoundMethod.php(87): Illuminate\Container\BoundMethod::Illuminate\Container\{closure}()
#8 D:\phpStudy\PHPTutorial\WWW\lumenim\vendor\illuminate\container\BoundMethod.php(31): Illuminate\Container\BoundMethod::callBoundMethod(Object(Laravel\Lumen\Application), Array, Object(Closure))
#9 D:\phpStudy\PHPTutorial\WWW\lumenim\vendor\illuminate\container\Container.php(572): Illuminate\Container\BoundMethod::call(Object(Laravel\Lumen\Application), Array, Array, NULL)
#10 D:\phpStudy\PHPTutorial\WWW\lumenim\vendor\laravel\lumen-framework\src\Concerns\RoutesRequests.php(378): Illuminate\Container\Container->call(Array, Array)
#11 D:\phpStudy\PHPTutorial\WWW\lumenim\vendor\laravel\lumen-framework\src\Concerns\RoutesRequests.php(344): Laravel\Lumen\Application->callControllerCallable(Array, Array)
#12 D:\phpStudy\PHPTutorial\WWW\lumenim\vendor\laravel\lumen-framework\src\Concerns\RoutesRequests.php(318): Laravel\Lumen\Application->callLumenController(Object(App\Http\Controllers\Api\AuthController), 'login', Array)
#13 D:\phpStudy\PHPTutorial\WWW\lumenim\vendor\laravel\lumen-framework\src\Concerns\RoutesRequests.php(280): Laravel\Lumen\Application->callControllerAction(Array)
#14 D:\phpStudy\PHPTutorial\WWW\lumenim\vendor\laravel\lumen-framework\src\Concerns\RoutesRequests.php(260): Laravel\Lumen\Application->callActionOnArrayBasedRoute(Array)
#15 D:\phpStudy\PHPTutorial\WWW\lumenim\vendor\laravel\lumen-framework\src\Concerns\RoutesRequests.php(418): Laravel\Lumen\Application->Laravel\Lumen\Concerns\{closure}(Object(Laravel\Lumen\Http\Request))
#16 D:\phpStudy\PHPTutorial\WWW\lumenim\vendor\laravel\lumen-framework\src\Concerns\RoutesRequests.php(261): Laravel\Lumen\Application->sendThroughPipeline(Array, Object(Closure))
#17 D:\phpStudy\PHPTutorial\WWW\lumenim\vendor\laravel\lumen-framework\src\Concerns\RoutesRequests.php(165): Laravel\Lumen\Application->handleFoundRoute(Array)
#18 [internal function]: Laravel\Lumen\Application->Laravel\Lumen\Concerns\{closure}(Object(Laravel\Lumen\Http\Request))
#19 D:\phpStudy\PHPTutorial\WWW\lumenim\vendor\laravel\lumen-framework\src\Routing\Pipeline.php(52): call_user_func(Object(Closure), Object(Laravel\Lumen\Http\Request))
#20 D:\phpStudy\PHPTutorial\WWW\lumenim\vendor\barryvdh\laravel-cors\src\HandlePreflight.php(29): Laravel\Lumen\Routing\Pipeline->Laravel\Lumen\Routing\{closure}(Object(Laravel\Lumen\Http\Request))
#21 D:\phpStudy\PHPTutorial\WWW\lumenim\vendor\illuminate\pipeline\Pipeline.php(163): Barryvdh\Cors\HandlePreflight->handle(Object(Laravel\Lumen\Http\Request), Object(Closure))
#22 [internal function]: Illuminate\Pipeline\Pipeline->Illuminate\Pipeline\{closure}(Object(Laravel\Lumen\Http\Request))
#23 D:\phpStudy\PHPTutorial\WWW\lumenim\vendor\laravel\lumen-framework\src\Routing\Pipeline.php(32): call_user_func(Object(Closure), Object(Laravel\Lumen\Http\Request))
#24 D:\phpStudy\PHPTutorial\WWW\lumenim\vendor\barryvdh\laravel-cors\src\HandleCors.php(58): Laravel\Lumen\Routing\Pipeline->Laravel\Lumen\Routing\{closure}(Object(Laravel\Lumen\Http\Request))
#25 D:\phpStudy\PHPTutorial\WWW\lumenim\vendor\illuminate\pipeline\Pipeline.php(163): Barryvdh\Cors\HandleCors->handle(Object(Laravel\Lumen\Http\Request), Object(Closure))
#26 [internal function]: Illuminate\Pipeline\Pipeline->Illuminate\Pipeline\{closure}(Object(Laravel\Lumen\Http\Request))
#27 D:\phpStudy\PHPTutorial\WWW\lumenim\vendor\laravel\lumen-framework\src\Routing\Pipeline.php(32): call_user_func(Object(Closure), Object(Laravel\Lumen\Http\Request))
#28 D:\phpStudy\PHPTutorial\WWW\lumenim\vendor\illuminate\pipeline\Pipeline.php(104): Laravel\Lumen\Routing\Pipeline->Laravel\Lumen\Routing\{closure}(Object(Laravel\Lumen\Http\Request))
#29 D:\phpStudy\PHPTutorial\WWW\lumenim\vendor\laravel\lumen-framework\src\Concerns\RoutesRequests.php(415): Illuminate\Pipeline\Pipeline->then(Object(Closure))
#30 D:\phpStudy\PHPTutorial\WWW\lumenim\vendor\laravel\lumen-framework\src\Concerns\RoutesRequests.php(171): Laravel\Lumen\Application->sendThroughPipeline(Array, Object(Closure))
#31 D:\phpStudy\PHPTutorial\WWW\lumenim\vendor\laravel\lumen-framework\src\Concerns\RoutesRequests.php(108): Laravel\Lumen\Application->dispatch(NULL)
#32 D:\phpStudy\PHPTutorial\WWW\lumenim\public\index.php(28): Laravel\Lumen\Application->run()
#33 {main} {"exception":"[object] (ErrorException(code: 0): include(D:\\phpStudy\\PHPTutorial\\WWW\\lumenim): failed to open stream: Permission denied at D:\\phpStudy\\PHPTutorial\\WWW\\lumenim\\vendor\\composer\\ClassLoader.php:444)
[stacktrace]
#0 D:\\phpStudy\\PHPTutorial\\WWW\\lumenim\\vendor\\composer\\ClassLoader.php(444): Laravel\\Lumen\\Application->Laravel\\Lumen\\Concerns\\{closure}(2, 'include(D:\\\\phpS...', 'D:\\\\phpStudy\\\\PHP...', 444, Array)
#1 D:\\phpStudy\\PHPTutorial\\WWW\\lumenim\\vendor\\composer\\ClassLoader.php(444): include()
#2 D:\\phpStudy\\PHPTutorial\\WWW\\lumenim\\vendor\\composer\\ClassLoader.php(322): Composer\\Autoload\\includeFile('D:\\\\phpStudy\\\\PHP...')
#3 [internal function]: Composer\\Autoload\\ClassLoader->loadClass('App\\\\User')
#4 D:\\phpStudy\\PHPTutorial\\WWW\\lumenim\\app\\Http\\Controllers\\Api\\AuthController.php(60): spl_autoload_call('App\\\\User')
#5 [internal function]: App\\Http\\Controllers\\Api\\AuthController->login(Object(Laravel\\Lumen\\Http\\Request))
#6 D:\\phpStudy\\PHPTutorial\\WWW\\lumenim\\vendor\\illuminate\\container\\BoundMethod.php(29): call_user_func_array(Array, Array)
#7 D:\\phpStudy\\PHPTutorial\\WWW\\lumenim\\vendor\\illuminate\\container\\BoundMethod.php(87): Illuminate\\Container\\BoundMethod::Illuminate\\Container\\{closure}()
#8 D:\\phpStudy\\PHPTutorial\\WWW\\lumenim\\vendor\\illuminate\\container\\BoundMethod.php(31): Illuminate\\Container\\BoundMethod::callBoundMethod(Object(Laravel\\Lumen\\Application), Array, Object(Closure))
#9 D:\\phpStudy\\PHPTutorial\\WWW\\lumenim\\vendor\\illuminate\\container\\Container.php(572): Illuminate\\Container\\BoundMethod::call(Object(Laravel\\Lumen\\Application), Array, Array, NULL)
#10 D:\\phpStudy\\PHPTutorial\\WWW\\lumenim\\vendor\\laravel\\lumen-framework\\src\\Concerns\\RoutesRequests.php(378): Illuminate\\Container\\Container->call(Array, Array)
#11 D:\\phpStudy\\PHPTutorial\\WWW\\lumenim\\vendor\\laravel\\lumen-framework\\src\\Concerns\\RoutesRequests.php(344): Laravel\\Lumen\\Application->callControllerCallable(Array, Array)
#12 D:\\phpStudy\\PHPTutorial\\WWW\\lumenim\\vendor\\laravel\\lumen-framework\\src\\Concerns\\RoutesRequests.php(318): Laravel\\Lumen\\Application->callLumenController(Object(App\\Http\\Controllers\\Api\\AuthController), 'login', Array)
#13 D:\\phpStudy\\PHPTutorial\\WWW\\lumenim\\vendor\\laravel\\lumen-framework\\src\\Concerns\\RoutesRequests.php(280): Laravel\\Lumen\\Application->callControllerAction(Array)
#14 D:\\phpStudy\\PHPTutorial\\WWW\\lumenim\\vendor\\laravel\\lumen-framework\\src\\Concerns\\RoutesRequests.php(260): Laravel\\Lumen\\Application->callActionOnArrayBasedRoute(Array)
#15 D:\\phpStudy\\PHPTutorial\\WWW\\lumenim\\vendor\\laravel\\lumen-framework\\src\\Concerns\\RoutesRequests.php(418): Laravel\\Lumen\\Application->Laravel\\Lumen\\Concerns\\{closure}(Object(Laravel\\Lumen\\Http\\Request))
#16 D:\\phpStudy\\PHPTutorial\\WWW\\lumenim\\vendor\\laravel\\lumen-framework\\src\\Concerns\\RoutesRequests.php(261): Laravel\\Lumen\\Application->sendThroughPipeline(Array, Object(Closure))
#17 D:\\phpStudy\\PHPTutorial\\WWW\\lumenim\\vendor\\laravel\\lumen-framework\\src\\Concerns\\RoutesRequests.php(165): Laravel\\Lumen\\Application->handleFoundRoute(Array)
#18 [internal function]: Laravel\\Lumen\\Application->Laravel\\Lumen\\Concerns\\{closure}(Object(Laravel\\Lumen\\Http\\Request))
#19 D:\\phpStudy\\PHPTutorial\\WWW\\lumenim\\vendor\\laravel\\lumen-framework\\src\\Routing\\Pipeline.php(52): call_user_func(Object(Closure), Object(Laravel\\Lumen\\Http\\Request))
#20 D:\\phpStudy\\PHPTutorial\\WWW\\lumenim\\vendor\\barryvdh\\laravel-cors\\src\\HandlePreflight.php(29): Laravel\\Lumen\\Routing\\Pipeline->Laravel\\Lumen\\Routing\\{closure}(Object(Laravel\\Lumen\\Http\\Request))
#21 D:\\phpStudy\\PHPTutorial\\WWW\\lumenim\\vendor\\illuminate\\pipeline\\Pipeline.php(163): Barryvdh\\Cors\\HandlePreflight->handle(Object(Laravel\\Lumen\\Http\\Request), Object(Closure))
#22 [internal function]: Illuminate\\Pipeline\\Pipeline->Illuminate\\Pipeline\\{closure}(Object(Laravel\\Lumen\\Http\\Request))
#23 D:\\phpStudy\\PHPTutorial\\WWW\\lumenim\\vendor\\laravel\\lumen-framework\\src\\Routing\\Pipeline.php(32): call_user_func(Object(Closure), Object(Laravel\\Lumen\\Http\\Request))
#24 D:\\phpStudy\\PHPTutorial\\WWW\\lumenim\\vendor\\barryvdh\\laravel-cors\\src\\HandleCors.php(58): Laravel\\Lumen\\Routing\\Pipeline->Laravel\\Lumen\\Routing\\{closure}(Object(Laravel\\Lumen\\Http\\Request))
#25 D:\\phpStudy\\PHPTutorial\\WWW\\lumenim\\vendor\\illuminate\\pipeline\\Pipeline.php(163): Barryvdh\\Cors\\HandleCors->handle(Object(Laravel\\Lumen\\Http\\Request), Object(Closure))
#26 [internal function]: Illuminate\\Pipeline\\Pipeline->Illuminate\\Pipeline\\{closure}(Object(Laravel\\Lumen\\Http\\Request))
#27 D:\\phpStudy\\PHPTutorial\\WWW\\lumenim\\vendor\\laravel\\lumen-framework\\src\\Routing\\Pipeline.php(32): call_user_func(Object(Closure), Object(Laravel\\Lumen\\Http\\Request))
#28 D:\\phpStudy\\PHPTutorial\\WWW\\lumenim\\vendor\\illuminate\\pipeline\\Pipeline.php(104): Laravel\\Lumen\\Routing\\Pipeline->Laravel\\Lumen\\Routing\\{closure}(Object(Laravel\\Lumen\\Http\\Request))
#29 D:\\phpStudy\\PHPTutorial\\WWW\\lumenim\\vendor\\laravel\\lumen-framework\\src\\Concerns\\RoutesRequests.php(415): Illuminate\\Pipeline\\Pipeline->then(Object(Closure))
#30 D:\\phpStudy\\PHPTutorial\\WWW\\lumenim\\vendor\\laravel\\lumen-framework\\src\\Concerns\\RoutesRequests.php(171): Laravel\\Lumen\\Application->sendThroughPipeline(Array, Object(Closure))
#31 D:\\phpStudy\\PHPTutorial\\WWW\\lumenim\\vendor\\laravel\\lumen-framework\\src\\Concerns\\RoutesRequests.php(108): Laravel\\Lumen\\Application->dispatch(NULL)
#32 D:\\phpStudy\\PHPTutorial\\WWW\\lumenim\\public\\index.php(28): Laravel\\Lumen\\Application->run()
#33 {main}
"} 
[2019-10-13 06:13:36] local.ERROR: ErrorException: include(D:\phpStudy\PHPTutorial\WWW\lumenim): failed to open stream: Permission denied in D:\phpStudy\PHPTutorial\WWW\lumenim\vendor\composer\ClassLoader.php:444
Stack trace:
#0 D:\phpStudy\PHPTutorial\WWW\lumenim\vendor\composer\ClassLoader.php(444): Laravel\Lumen\Application->Laravel\Lumen\Concerns\{closure}(2, 'include(D:\\phpS...', 'D:\\phpStudy\\PHP...', 444, Array)
#1 D:\phpStudy\PHPTutorial\WWW\lumenim\vendor\composer\ClassLoader.php(444): include()
#2 D:\phpStudy\PHPTutorial\WWW\lumenim\vendor\composer\ClassLoader.php(322): Composer\Autoload\includeFile('D:\\phpStudy\\PHP...')
#3 [internal function]: Composer\Autoload\ClassLoader->loadClass('App\\User')
#4 D:\phpStudy\PHPTutorial\WWW\lumenim\app\Http\Controllers\Api\AuthController.php(60): spl_autoload_call('App\\User')
#5 [internal function]: App\Http\Controllers\Api\AuthController->login(Object(Laravel\Lumen\Http\Request))
#6 D:\phpStudy\PHPTutorial\WWW\lumenim\vendor\illuminate\container\BoundMethod.php(29): call_user_func_array(Array, Array)
#7 D:\phpStudy\PHPTutorial\WWW\lumenim\vendor\illuminate\container\BoundMethod.php(87): Illuminate\Container\BoundMethod::Illuminate\Container\{closure}()
#8 D:\phpStudy\PHPTutorial\WWW\lumenim\vendor\illuminate\container\BoundMethod.php(31): Illuminate\Container\BoundMethod::callBoundMethod(Object(Laravel\Lumen\Application), Array, Object(Closure))
#9 D:\phpStudy\PHPTutorial\WWW\lumenim\vendor\illuminate\container\Container.php(572): Illuminate\Container\BoundMethod::call(Object(Laravel\Lumen\Application), Array, Array, NULL)
#10 D:\phpStudy\PHPTutorial\WWW\lumenim\vendor\laravel\lumen-framework\src\Concerns\RoutesRequests.php(378): Illuminate\Container\Container->call(Array, Array)
#11 D:\phpStudy\PHPTutorial\WWW\lumenim\vendor\laravel\lumen-framework\src\Concerns\RoutesRequests.php(344): Laravel\Lumen\Application->callControllerCallable(Array, Array)
#12 D:\phpStudy\PHPTutorial\WWW\lumenim\vendor\laravel\lumen-framework\src\Concerns\RoutesRequests.php(318): Laravel\Lumen\Application->callLumenController(Object(App\Http\Controllers\Api\AuthController), 'login', Array)
#13 D:\phpStudy\PHPTutorial\WWW\lumenim\vendor\laravel\lumen-framework\src\Concerns\RoutesRequests.php(280): Laravel\Lumen\Application->callControllerAction(Array)
#14 D:\phpStudy\PHPTutorial\WWW\lumenim\vendor\laravel\lumen-framework\src\Concerns\RoutesRequests.php(260): Laravel\Lumen\Application->callActionOnArrayBasedRoute(Array)
#15 D:\phpStudy\PHPTutorial\WWW\lumenim\vendor\laravel\lumen-framework\src\Concerns\RoutesRequests.php(418): Laravel\Lumen\Application->Laravel\Lumen\Concerns\{closure}(Object(Laravel\Lumen\Http\Request))
#16 D:\phpStudy\PHPTutorial\WWW\lumenim\vendor\laravel\lumen-framework\src\Concerns\RoutesRequests.php(261): Laravel\Lumen\Application->sendThroughPipeline(Array, Object(Closure))
#17 D:\phpStudy\PHPTutorial\WWW\lumenim\vendor\laravel\lumen-framework\src\Concerns\RoutesRequests.php(165): Laravel\Lumen\Application->handleFoundRoute(Array)
#18 [internal function]: Laravel\Lumen\Application->Laravel\Lumen\Concerns\{closure}(Object(Laravel\Lumen\Http\Request))
#19 D:\phpStudy\PHPTutorial\WWW\lumenim\vendor\laravel\lumen-framework\src\Routing\Pipeline.php(52): call_user_func(Object(Closure), Object(Laravel\Lumen\Http\Request))
#20 D:\phpStudy\PHPTutorial\WWW\lumenim\vendor\barryvdh\laravel-cors\src\HandlePreflight.php(29): Laravel\Lumen\Routing\Pipeline->Laravel\Lumen\Routing\{closure}(Object(Laravel\Lumen\Http\Request))
#21 D:\phpStudy\PHPTutorial\WWW\lumenim\vendor\illuminate\pipeline\Pipeline.php(163): Barryvdh\Cors\HandlePreflight->handle(Object(Laravel\Lumen\Http\Request), Object(Closure))
#22 [internal function]: Illuminate\Pipeline\Pipeline->Illuminate\Pipeline\{closure}(Object(Laravel\Lumen\Http\Request))
#23 D:\phpStudy\PHPTutorial\WWW\lumenim\vendor\laravel\lumen-framework\src\Routing\Pipeline.php(32): call_user_func(Object(Closure), Object(Laravel\Lumen\Http\Request))
#24 D:\phpStudy\PHPTutorial\WWW\lumenim\vendor\barryvdh\laravel-cors\src\HandleCors.php(58): Laravel\Lumen\Routing\Pipeline->Laravel\Lumen\Routing\{closure}(Object(Laravel\Lumen\Http\Request))
#25 D:\phpStudy\PHPTutorial\WWW\lumenim\vendor\illuminate\pipeline\Pipeline.php(163): Barryvdh\Cors\HandleCors->handle(Object(Laravel\Lumen\Http\Request), Object(Closure))
#26 [internal function]: Illuminate\Pipeline\Pipeline->Illuminate\Pipeline\{closure}(Object(Laravel\Lumen\Http\Request))
#27 D:\phpStudy\PHPTutorial\WWW\lumenim\vendor\laravel\lumen-framework\src\Routing\Pipeline.php(32): call_user_func(Object(Closure), Object(Laravel\Lumen\Http\Request))
#28 D:\phpStudy\PHPTutorial\WWW\lumenim\vendor\illuminate\pipeline\Pipeline.php(104): Laravel\Lumen\Routing\Pipeline->Laravel\Lumen\Routing\{closure}(Object(Laravel\Lumen\Http\Request))
#29 D:\phpStudy\PHPTutorial\WWW\lumenim\vendor\laravel\lumen-framework\src\Concerns\RoutesRequests.php(415): Illuminate\Pipeline\Pipeline->then(Object(Closure))
#30 D:\phpStudy\PHPTutorial\WWW\lumenim\vendor\laravel\lumen-framework\src\Concerns\RoutesRequests.php(171): Laravel\Lumen\Application->sendThroughPipeline(Array, Object(Closure))
#31 D:\phpStudy\PHPTutorial\WWW\lumenim\vendor\laravel\lumen-framework\src\Concerns\RoutesRequests.php(108): Laravel\Lumen\Application->dispatch(NULL)
#32 D:\phpStudy\PHPTutorial\WWW\lumenim\public\index.php(28): Laravel\Lumen\Application->run()
#33 {main} {"exception":"[object] (ErrorException(code: 0): include(D:\\phpStudy\\PHPTutorial\\WWW\\lumenim): failed to open stream: Permission denied at D:\\phpStudy\\PHPTutorial\\WWW\\lumenim\\vendor\\composer\\ClassLoader.php:444)
[stacktrace]
#0 D:\\phpStudy\\PHPTutorial\\WWW\\lumenim\\vendor\\composer\\ClassLoader.php(444): Laravel\\Lumen\\Application->Laravel\\Lumen\\Concerns\\{closure}(2, 'include(D:\\\\phpS...', 'D:\\\\phpStudy\\\\PHP...', 444, Array)
#1 D:\\phpStudy\\PHPTutorial\\WWW\\lumenim\\vendor\\composer\\ClassLoader.php(444): include()
#2 D:\\phpStudy\\PHPTutorial\\WWW\\lumenim\\vendor\\composer\\ClassLoader.php(322): Composer\\Autoload\\includeFile('D:\\\\phpStudy\\\\PHP...')
#3 [internal function]: Composer\\Autoload\\ClassLoader->loadClass('App\\\\User')
#4 D:\\phpStudy\\PHPTutorial\\WWW\\lumenim\\app\\Http\\Controllers\\Api\\AuthController.php(60): spl_autoload_call('App\\\\User')
#5 [internal function]: App\\Http\\Controllers\\Api\\AuthController->login(Object(Laravel\\Lumen\\Http\\Request))
#6 D:\\phpStudy\\PHPTutorial\\WWW\\lumenim\\vendor\\illuminate\\container\\BoundMethod.php(29): call_user_func_array(Array, Array)
#7 D:\\phpStudy\\PHPTutorial\\WWW\\lumenim\\vendor\\illuminate\\container\\BoundMethod.php(87): Illuminate\\Container\\BoundMethod::Illuminate\\Container\\{closure}()
#8 D:\\phpStudy\\PHPTutorial\\WWW\\lumenim\\vendor\\illuminate\\container\\BoundMethod.php(31): Illuminate\\Container\\BoundMethod::callBoundMethod(Object(Laravel\\Lumen\\Application), Array, Object(Closure))
#9 D:\\phpStudy\\PHPTutorial\\WWW\\lumenim\\vendor\\illuminate\\container\\Container.php(572): Illuminate\\Container\\BoundMethod::call(Object(Laravel\\Lumen\\Application), Array, Array, NULL)
#10 D:\\phpStudy\\PHPTutorial\\WWW\\lumenim\\vendor\\laravel\\lumen-framework\\src\\Concerns\\RoutesRequests.php(378): Illuminate\\Container\\Container->call(Array, Array)
#11 D:\\phpStudy\\PHPTutorial\\WWW\\lumenim\\vendor\\laravel\\lumen-framework\\src\\Concerns\\RoutesRequests.php(344): Laravel\\Lumen\\Application->callControllerCallable(Array, Array)
#12 D:\\phpStudy\\PHPTutorial\\WWW\\lumenim\\vendor\\laravel\\lumen-framework\\src\\Concerns\\RoutesRequests.php(318): Laravel\\Lumen\\Application->callLumenController(Object(App\\Http\\Controllers\\Api\\AuthController), 'login', Array)
#13 D:\\phpStudy\\PHPTutorial\\WWW\\lumenim\\vendor\\laravel\\lumen-framework\\src\\Concerns\\RoutesRequests.php(280): Laravel\\Lumen\\Application->callControllerAction(Array)
#14 D:\\phpStudy\\PHPTutorial\\WWW\\lumenim\\vendor\\laravel\\lumen-framework\\src\\Concerns\\RoutesRequests.php(260): Laravel\\Lumen\\Application->callActionOnArrayBasedRoute(Array)
#15 D:\\phpStudy\\PHPTutorial\\WWW\\lumenim\\vendor\\laravel\\lumen-framework\\src\\Concerns\\RoutesRequests.php(418): Laravel\\Lumen\\Application->Laravel\\Lumen\\Concerns\\{closure}(Object(Laravel\\Lumen\\Http\\Request))
#16 D:\\phpStudy\\PHPTutorial\\WWW\\lumenim\\vendor\\laravel\\lumen-framework\\src\\Concerns\\RoutesRequests.php(261): Laravel\\Lumen\\Application->sendThroughPipeline(Array, Object(Closure))
#17 D:\\phpStudy\\PHPTutorial\\WWW\\lumenim\\vendor\\laravel\\lumen-framework\\src\\Concerns\\RoutesRequests.php(165): Laravel\\Lumen\\Application->handleFoundRoute(Array)
#18 [internal function]: Laravel\\Lumen\\Application->Laravel\\Lumen\\Concerns\\{closure}(Object(Laravel\\Lumen\\Http\\Request))
#19 D:\\phpStudy\\PHPTutorial\\WWW\\lumenim\\vendor\\laravel\\lumen-framework\\src\\Routing\\Pipeline.php(52): call_user_func(Object(Closure), Object(Laravel\\Lumen\\Http\\Request))
#20 D:\\phpStudy\\PHPTutorial\\WWW\\lumenim\\vendor\\barryvdh\\laravel-cors\\src\\HandlePreflight.php(29): Laravel\\Lumen\\Routing\\Pipeline->Laravel\\Lumen\\Routing\\{closure}(Object(Laravel\\Lumen\\Http\\Request))
#21 D:\\phpStudy\\PHPTutorial\\WWW\\lumenim\\vendor\\illuminate\\pipeline\\Pipeline.php(163): Barryvdh\\Cors\\HandlePreflight->handle(Object(Laravel\\Lumen\\Http\\Request), Object(Closure))
#22 [internal function]: Illuminate\\Pipeline\\Pipeline->Illuminate\\Pipeline\\{closure}(Object(Laravel\\Lumen\\Http\\Request))
#23 D:\\phpStudy\\PHPTutorial\\WWW\\lumenim\\vendor\\laravel\\lumen-framework\\src\\Routing\\Pipeline.php(32): call_user_func(Object(Closure), Object(Laravel\\Lumen\\Http\\Request))
#24 D:\\phpStudy\\PHPTutorial\\WWW\\lumenim\\vendor\\barryvdh\\laravel-cors\\src\\HandleCors.php(58): Laravel\\Lumen\\Routing\\Pipeline->Laravel\\Lumen\\Routing\\{closure}(Object(Laravel\\Lumen\\Http\\Request))
#25 D:\\phpStudy\\PHPTutorial\\WWW\\lumenim\\vendor\\illuminate\\pipeline\\Pipeline.php(163): Barryvdh\\Cors\\HandleCors->handle(Object(Laravel\\Lumen\\Http\\Request), Object(Closure))
#26 [internal function]: Illuminate\\Pipeline\\Pipeline->Illuminate\\Pipeline\\{closure}(Object(Laravel\\Lumen\\Http\\Request))
#27 D:\\phpStudy\\PHPTutorial\\WWW\\lumenim\\vendor\\laravel\\lumen-framework\\src\\Routing\\Pipeline.php(32): call_user_func(Object(Closure), Object(Laravel\\Lumen\\Http\\Request))
#28 D:\\phpStudy\\PHPTutorial\\WWW\\lumenim\\vendor\\illuminate\\pipeline\\Pipeline.php(104): Laravel\\Lumen\\Routing\\Pipeline->Laravel\\Lumen\\Routing\\{closure}(Object(Laravel\\Lumen\\Http\\Request))
#29 D:\\phpStudy\\PHPTutorial\\WWW\\lumenim\\vendor\\laravel\\lumen-framework\\src\\Concerns\\RoutesRequests.php(415): Illuminate\\Pipeline\\Pipeline->then(Object(Closure))
#30 D:\\phpStudy\\PHPTutorial\\WWW\\lumenim\\vendor\\laravel\\lumen-framework\\src\\Concerns\\RoutesRequests.php(171): Laravel\\Lumen\\Application->sendThroughPipeline(Array, Object(Closure))
#31 D:\\phpStudy\\PHPTutorial\\WWW\\lumenim\\vendor\\laravel\\lumen-framework\\src\\Concerns\\RoutesRequests.php(108): Laravel\\Lumen\\Application->dispatch(NULL)
#32 D:\\phpStudy\\PHPTutorial\\WWW\\lumenim\\public\\index.php(28): Laravel\\Lumen\\Application->run()
#33 {main}
"} 
[2019-10-13 06:13:45] local.ERROR: ErrorException: include(D:\phpStudy\PHPTutorial\WWW\lumenim): failed to open stream: Permission denied in D:\phpStudy\PHPTutorial\WWW\lumenim\vendor\composer\ClassLoader.php:444
Stack trace:
#0 D:\phpStudy\PHPTutorial\WWW\lumenim\vendor\composer\ClassLoader.php(444): Laravel\Lumen\Application->Laravel\Lumen\Concerns\{closure}(2, 'include(D:\\phpS...', 'D:\\phpStudy\\PHP...', 444, Array)
#1 D:\phpStudy\PHPTutorial\WWW\lumenim\vendor\composer\ClassLoader.php(444): include()
#2 D:\phpStudy\PHPTutorial\WWW\lumenim\vendor\composer\ClassLoader.php(322): Composer\Autoload\includeFile('D:\\phpStudy\\PHP...')
#3 [internal function]: Composer\Autoload\ClassLoader->loadClass('App\\User')
#4 D:\phpStudy\PHPTutorial\WWW\lumenim\app\Http\Controllers\Api\AuthController.php(60): spl_autoload_call('App\\User')
#5 [internal function]: App\Http\Controllers\Api\AuthController->login(Object(Laravel\Lumen\Http\Request))
#6 D:\phpStudy\PHPTutorial\WWW\lumenim\vendor\illuminate\container\BoundMethod.php(29): call_user_func_array(Array, Array)
#7 D:\phpStudy\PHPTutorial\WWW\lumenim\vendor\illuminate\container\BoundMethod.php(87): Illuminate\Container\BoundMethod::Illuminate\Container\{closure}()
#8 D:\phpStudy\PHPTutorial\WWW\lumenim\vendor\illuminate\container\BoundMethod.php(31): Illuminate\Container\BoundMethod::callBoundMethod(Object(Laravel\Lumen\Application), Array, Object(Closure))
#9 D:\phpStudy\PHPTutorial\WWW\lumenim\vendor\illuminate\container\Container.php(572): Illuminate\Container\BoundMethod::call(Object(Laravel\Lumen\Application), Array, Array, NULL)
#10 D:\phpStudy\PHPTutorial\WWW\lumenim\vendor\laravel\lumen-framework\src\Concerns\RoutesRequests.php(378): Illuminate\Container\Container->call(Array, Array)
#11 D:\phpStudy\PHPTutorial\WWW\lumenim\vendor\laravel\lumen-framework\src\Concerns\RoutesRequests.php(344): Laravel\Lumen\Application->callControllerCallable(Array, Array)
#12 D:\phpStudy\PHPTutorial\WWW\lumenim\vendor\laravel\lumen-framework\src\Concerns\RoutesRequests.php(318): Laravel\Lumen\Application->callLumenController(Object(App\Http\Controllers\Api\AuthController), 'login', Array)
#13 D:\phpStudy\PHPTutorial\WWW\lumenim\vendor\laravel\lumen-framework\src\Concerns\RoutesRequests.php(280): Laravel\Lumen\Application->callControllerAction(Array)
#14 D:\phpStudy\PHPTutorial\WWW\lumenim\vendor\laravel\lumen-framework\src\Concerns\RoutesRequests.php(260): Laravel\Lumen\Application->callActionOnArrayBasedRoute(Array)
#15 D:\phpStudy\PHPTutorial\WWW\lumenim\vendor\laravel\lumen-framework\src\Concerns\RoutesRequests.php(418): Laravel\Lumen\Application->Laravel\Lumen\Concerns\{closure}(Object(Laravel\Lumen\Http\Request))
#16 D:\phpStudy\PHPTutorial\WWW\lumenim\vendor\laravel\lumen-framework\src\Concerns\RoutesRequests.php(261): Laravel\Lumen\Application->sendThroughPipeline(Array, Object(Closure))
#17 D:\phpStudy\PHPTutorial\WWW\lumenim\vendor\laravel\lumen-framework\src\Concerns\RoutesRequests.php(165): Laravel\Lumen\Application->handleFoundRoute(Array)
#18 [internal function]: Laravel\Lumen\Application->Laravel\Lumen\Concerns\{closure}(Object(Laravel\Lumen\Http\Request))
#19 D:\phpStudy\PHPTutorial\WWW\lumenim\vendor\laravel\lumen-framework\src\Routing\Pipeline.php(52): call_user_func(Object(Closure), Object(Laravel\Lumen\Http\Request))
#20 D:\phpStudy\PHPTutorial\WWW\lumenim\vendor\barryvdh\laravel-cors\src\HandlePreflight.php(29): Laravel\Lumen\Routing\Pipeline->Laravel\Lumen\Routing\{closure}(Object(Laravel\Lumen\Http\Request))
#21 D:\phpStudy\PHPTutorial\WWW\lumenim\vendor\illuminate\pipeline\Pipeline.php(163): Barryvdh\Cors\HandlePreflight->handle(Object(Laravel\Lumen\Http\Request), Object(Closure))
#22 [internal function]: Illuminate\Pipeline\Pipeline->Illuminate\Pipeline\{closure}(Object(Laravel\Lumen\Http\Request))
#23 D:\phpStudy\PHPTutorial\WWW\lumenim\vendor\laravel\lumen-framework\src\Routing\Pipeline.php(32): call_user_func(Object(Closure), Object(Laravel\Lumen\Http\Request))
#24 D:\phpStudy\PHPTutorial\WWW\lumenim\vendor\barryvdh\laravel-cors\src\HandleCors.php(58): Laravel\Lumen\Routing\Pipeline->Laravel\Lumen\Routing\{closure}(Object(Laravel\Lumen\Http\Request))
#25 D:\phpStudy\PHPTutorial\WWW\lumenim\vendor\illuminate\pipeline\Pipeline.php(163): Barryvdh\Cors\HandleCors->handle(Object(Laravel\Lumen\Http\Request), Object(Closure))
#26 [internal function]: Illuminate\Pipeline\Pipeline->Illuminate\Pipeline\{closure}(Object(Laravel\Lumen\Http\Request))
#27 D:\phpStudy\PHPTutorial\WWW\lumenim\vendor\laravel\lumen-framework\src\Routing\Pipeline.php(32): call_user_func(Object(Closure), Object(Laravel\Lumen\Http\Request))
#28 D:\phpStudy\PHPTutorial\WWW\lumenim\vendor\illuminate\pipeline\Pipeline.php(104): Laravel\Lumen\Routing\Pipeline->Laravel\Lumen\Routing\{closure}(Object(Laravel\Lumen\Http\Request))
#29 D:\phpStudy\PHPTutorial\WWW\lumenim\vendor\laravel\lumen-framework\src\Concerns\RoutesRequests.php(415): Illuminate\Pipeline\Pipeline->then(Object(Closure))
#30 D:\phpStudy\PHPTutorial\WWW\lumenim\vendor\laravel\lumen-framework\src\Concerns\RoutesRequests.php(171): Laravel\Lumen\Application->sendThroughPipeline(Array, Object(Closure))
#31 D:\phpStudy\PHPTutorial\WWW\lumenim\vendor\laravel\lumen-framework\src\Concerns\RoutesRequests.php(108): Laravel\Lumen\Application->dispatch(NULL)
#32 D:\phpStudy\PHPTutorial\WWW\lumenim\public\index.php(28): Laravel\Lumen\Application->run()
#33 {main} {"exception":"[object] (ErrorException(code: 0): include(D:\\phpStudy\\PHPTutorial\\WWW\\lumenim): failed to open stream: Permission denied at D:\\phpStudy\\PHPTutorial\\WWW\\lumenim\\vendor\\composer\\ClassLoader.php:444)
[stacktrace]
#0 D:\\phpStudy\\PHPTutorial\\WWW\\lumenim\\vendor\\composer\\ClassLoader.php(444): Laravel\\Lumen\\Application->Laravel\\Lumen\\Concerns\\{closure}(2, 'include(D:\\\\phpS...', 'D:\\\\phpStudy\\\\PHP...', 444, Array)
#1 D:\\phpStudy\\PHPTutorial\\WWW\\lumenim\\vendor\\composer\\ClassLoader.php(444): include()
#2 D:\\phpStudy\\PHPTutorial\\WWW\\lumenim\\vendor\\composer\\ClassLoader.php(322): Composer\\Autoload\\includeFile('D:\\\\phpStudy\\\\PHP...')
#3 [internal function]: Composer\\Autoload\\ClassLoader->loadClass('App\\\\User')
#4 D:\\phpStudy\\PHPTutorial\\WWW\\lumenim\\app\\Http\\Controllers\\Api\\AuthController.php(60): spl_autoload_call('App\\\\User')
#5 [internal function]: App\\Http\\Controllers\\Api\\AuthController->login(Object(Laravel\\Lumen\\Http\\Request))
#6 D:\\phpStudy\\PHPTutorial\\WWW\\lumenim\\vendor\\illuminate\\container\\BoundMethod.php(29): call_user_func_array(Array, Array)
#7 D:\\phpStudy\\PHPTutorial\\WWW\\lumenim\\vendor\\illuminate\\container\\BoundMethod.php(87): Illuminate\\Container\\BoundMethod::Illuminate\\Container\\{closure}()
#8 D:\\phpStudy\\PHPTutorial\\WWW\\lumenim\\vendor\\illuminate\\container\\BoundMethod.php(31): Illuminate\\Container\\BoundMethod::callBoundMethod(Object(Laravel\\Lumen\\Application), Array, Object(Closure))
#9 D:\\phpStudy\\PHPTutorial\\WWW\\lumenim\\vendor\\illuminate\\container\\Container.php(572): Illuminate\\Container\\BoundMethod::call(Object(Laravel\\Lumen\\Application), Array, Array, NULL)
#10 D:\\phpStudy\\PHPTutorial\\WWW\\lumenim\\vendor\\laravel\\lumen-framework\\src\\Concerns\\RoutesRequests.php(378): Illuminate\\Container\\Container->call(Array, Array)
#11 D:\\phpStudy\\PHPTutorial\\WWW\\lumenim\\vendor\\laravel\\lumen-framework\\src\\Concerns\\RoutesRequests.php(344): Laravel\\Lumen\\Application->callControllerCallable(Array, Array)
#12 D:\\phpStudy\\PHPTutorial\\WWW\\lumenim\\vendor\\laravel\\lumen-framework\\src\\Concerns\\RoutesRequests.php(318): Laravel\\Lumen\\Application->callLumenController(Object(App\\Http\\Controllers\\Api\\AuthController), 'login', Array)
#13 D:\\phpStudy\\PHPTutorial\\WWW\\lumenim\\vendor\\laravel\\lumen-framework\\src\\Concerns\\RoutesRequests.php(280): Laravel\\Lumen\\Application->callControllerAction(Array)
#14 D:\\phpStudy\\PHPTutorial\\WWW\\lumenim\\vendor\\laravel\\lumen-framework\\src\\Concerns\\RoutesRequests.php(260): Laravel\\Lumen\\Application->callActionOnArrayBasedRoute(Array)
#15 D:\\phpStudy\\PHPTutorial\\WWW\\lumenim\\vendor\\laravel\\lumen-framework\\src\\Concerns\\RoutesRequests.php(418): Laravel\\Lumen\\Application->Laravel\\Lumen\\Concerns\\{closure}(Object(Laravel\\Lumen\\Http\\Request))
#16 D:\\phpStudy\\PHPTutorial\\WWW\\lumenim\\vendor\\laravel\\lumen-framework\\src\\Concerns\\RoutesRequests.php(261): Laravel\\Lumen\\Application->sendThroughPipeline(Array, Object(Closure))
#17 D:\\phpStudy\\PHPTutorial\\WWW\\lumenim\\vendor\\laravel\\lumen-framework\\src\\Concerns\\RoutesRequests.php(165): Laravel\\Lumen\\Application->handleFoundRoute(Array)
#18 [internal function]: Laravel\\Lumen\\Application->Laravel\\Lumen\\Concerns\\{closure}(Object(Laravel\\Lumen\\Http\\Request))
#19 D:\\phpStudy\\PHPTutorial\\WWW\\lumenim\\vendor\\laravel\\lumen-framework\\src\\Routing\\Pipeline.php(52): call_user_func(Object(Closure), Object(Laravel\\Lumen\\Http\\Request))
#20 D:\\phpStudy\\PHPTutorial\\WWW\\lumenim\\vendor\\barryvdh\\laravel-cors\\src\\HandlePreflight.php(29): Laravel\\Lumen\\Routing\\Pipeline->Laravel\\Lumen\\Routing\\{closure}(Object(Laravel\\Lumen\\Http\\Request))
#21 D:\\phpStudy\\PHPTutorial\\WWW\\lumenim\\vendor\\illuminate\\pipeline\\Pipeline.php(163): Barryvdh\\Cors\\HandlePreflight->handle(Object(Laravel\\Lumen\\Http\\Request), Object(Closure))
#22 [internal function]: Illuminate\\Pipeline\\Pipeline->Illuminate\\Pipeline\\{closure}(Object(Laravel\\Lumen\\Http\\Request))
#23 D:\\phpStudy\\PHPTutorial\\WWW\\lumenim\\vendor\\laravel\\lumen-framework\\src\\Routing\\Pipeline.php(32): call_user_func(Object(Closure), Object(Laravel\\Lumen\\Http\\Request))
#24 D:\\phpStudy\\PHPTutorial\\WWW\\lumenim\\vendor\\barryvdh\\laravel-cors\\src\\HandleCors.php(58): Laravel\\Lumen\\Routing\\Pipeline->Laravel\\Lumen\\Routing\\{closure}(Object(Laravel\\Lumen\\Http\\Request))
#25 D:\\phpStudy\\PHPTutorial\\WWW\\lumenim\\vendor\\illuminate\\pipeline\\Pipeline.php(163): Barryvdh\\Cors\\HandleCors->handle(Object(Laravel\\Lumen\\Http\\Request), Object(Closure))
#26 [internal function]: Illuminate\\Pipeline\\Pipeline->Illuminate\\Pipeline\\{closure}(Object(Laravel\\Lumen\\Http\\Request))
#27 D:\\phpStudy\\PHPTutorial\\WWW\\lumenim\\vendor\\laravel\\lumen-framework\\src\\Routing\\Pipeline.php(32): call_user_func(Object(Closure), Object(Laravel\\Lumen\\Http\\Request))
#28 D:\\phpStudy\\PHPTutorial\\WWW\\lumenim\\vendor\\illuminate\\pipeline\\Pipeline.php(104): Laravel\\Lumen\\Routing\\Pipeline->Laravel\\Lumen\\Routing\\{closure}(Object(Laravel\\Lumen\\Http\\Request))
#29 D:\\phpStudy\\PHPTutorial\\WWW\\lumenim\\vendor\\laravel\\lumen-framework\\src\\Concerns\\RoutesRequests.php(415): Illuminate\\Pipeline\\Pipeline->then(Object(Closure))
#30 D:\\phpStudy\\PHPTutorial\\WWW\\lumenim\\vendor\\laravel\\lumen-framework\\src\\Concerns\\RoutesRequests.php(171): Laravel\\Lumen\\Application->sendThroughPipeline(Array, Object(Closure))
#31 D:\\phpStudy\\PHPTutorial\\WWW\\lumenim\\vendor\\laravel\\lumen-framework\\src\\Concerns\\RoutesRequests.php(108): Laravel\\Lumen\\Application->dispatch(NULL)
#32 D:\\phpStudy\\PHPTutorial\\WWW\\lumenim\\public\\index.php(28): Laravel\\Lumen\\Application->run()
#33 {main}
"} 
